2014-02-20 18:45:28,893 - odin_incall - incallfastagi.py - 101 - DEBUG - Redis : Connected.
2014-02-20 18:45:28,894 - odin_incall - incallfastagi.py - 102 - DEBUG - Redis : Resetting reconnection delay
2014-02-20 18:45:28,910 - odin_incall - incallfastagi.py - 70 - DEBUG - Redis : incomming message [ pattern=subscribe, channel=odin_agi_request_channel message=1 ].
2014-02-21 09:41:56,987 - odin_incall - incallfastagi.py - 231 - DEBUG - IncallApplication : Incomming call for the channel [DAHDI/i5/9002-1] comming.
2014-02-21 09:41:57,043 - odin_incall - incallfastagi.py - 141 - DEBUG - DialPlan : Answer a new incomming call for channel [DAHDI/i5/9002-1]
2014-02-21 09:41:57,044 - odin_incall - incallfastagi.py - 236 - DEBUG - IncallApplication : DialPlan started for the channel [DAHDI/i5/9002-1].
2014-02-21 09:42:00,581 - odin_incall - incallfastagi.py - 158 - DEBUG - IncallAGiFactory : PlayFinished for the channel [DAHDI/i5/9002-1].
2014-02-21 09:42:02,307 - odin_incall - incallfastagi.py - 70 - DEBUG - Redis : incomming message [ pattern=None, channel=odin_agi_request_channel message={"post": "6005", "uniqueid": "1392972116.0", "id": "commutincall", "channel": "DAHDI/i5/9002-1"} ].
2014-02-21 09:42:02,308 - odin_incall - incallfastagi.py - 269 - DEBUG - IncallAGiFactory : Get request from odin server.
2014-02-21 09:42:02,320 - odin_incall - incallfastagi.py - 275 - INFO - IncallAGiFactory : I'm processing request : commutincall
2014-02-21 09:42:02,584 - odin_incall - incallfastagi.py - 163 - DEBUG - IncallAGiFactory : onWaited on channel 'DAHDI/i5/9002-1'.
2014-02-21 09:44:00,955 - odin_incall - incallfastagi.py - 185 - DEBUG - IncallAGiFactory : onDial finished with result [-1] for the channel [DAHDI/i5/9002-1].
2014-02-21 09:44:00,964 - odin_incall - incallfastagi.py - 179 - DEBUG - IncallAGiFactory : onChannelStatusFailed unable to get the channel status 'DAHDI/i5/9002-1': Traceback (most recent call last):
Failure: starpy.error.AGICommandFailure: (500, 'HANGUP')

2014-02-21 09:44:00,965 - odin_incall - incallfastagi.py - 249 - WARNING - IncallApplication : Incomming call for the channel [DAHDI/i5/9002-1] removed.
2014-02-21 09:44:00,983 - odin_incall - incallfastagi.py - 172 - DEBUG - IncallAGiFactory : onChannelStatusFinished on channel ['DAHDI/i5/9002-1'] with result [None].
2014-02-21 09:44:02,984 - odin_incall - incallfastagi.py - 163 - DEBUG - IncallAGiFactory : onWaited on channel 'DAHDI/i5/9002-1'.
2014-02-21 10:06:10,724 - odin_incall - incallfastagi.py - 231 - DEBUG - IncallApplication : Incomming call for the channel [DAHDI/i5/9002-2] comming.
2014-02-21 10:06:10,725 - odin_incall - incallfastagi.py - 141 - DEBUG - DialPlan : Answer a new incomming call for channel [DAHDI/i5/9002-2]
2014-02-21 10:06:10,734 - odin_incall - incallfastagi.py - 236 - DEBUG - IncallApplication : DialPlan started for the channel [DAHDI/i5/9002-2].
2014-02-21 10:06:14,071 - odin_incall - incallfastagi.py - 158 - DEBUG - IncallAGiFactory : PlayFinished for the channel [DAHDI/i5/9002-2].
2014-02-21 10:06:14,881 - odin_incall - incallfastagi.py - 70 - DEBUG - Redis : incomming message [ pattern=None, channel=odin_agi_request_channel message={"post": "6005", "uniqueid": "1392973570.4", "id": "commutincall", "channel": "DAHDI/i5/9002-2"} ].
2014-02-21 10:06:14,882 - odin_incall - incallfastagi.py - 269 - DEBUG - IncallAGiFactory : Get request from odin server.
2014-02-21 10:06:14,884 - odin_incall - incallfastagi.py - 275 - INFO - IncallAGiFactory : I'm processing request : commutincall
2014-02-21 10:06:16,097 - odin_incall - incallfastagi.py - 163 - DEBUG - IncallAGiFactory : onWaited on channel 'DAHDI/i5/9002-2'.
2014-02-21 10:09:54,007 - odin_incall - incallfastagi.py - 185 - DEBUG - IncallAGiFactory : onDial finished with result [-1] for the channel [DAHDI/i5/9002-2].
2014-02-21 10:09:54,009 - odin_incall - incallfastagi.py - 172 - DEBUG - IncallAGiFactory : onChannelStatusFinished on channel ['DAHDI/i5/9002-2'] with result [6].
2014-02-21 10:09:56,012 - odin_incall - incallfastagi.py - 163 - DEBUG - IncallAGiFactory : onWaited on channel 'DAHDI/i5/9002-2'.
2014-02-21 10:09:56,015 - odin_incall - incallfastagi.py - 172 - DEBUG - IncallAGiFactory : onChannelStatusFinished on channel ['DAHDI/i5/9002-2'] with result [6].
2014-02-21 10:09:58,017 - odin_incall - incallfastagi.py - 163 - DEBUG - IncallAGiFactory : onWaited on channel 'DAHDI/i5/9002-2'.
2014-02-21 10:09:58,020 - odin_incall - incallfastagi.py - 172 - DEBUG - IncallAGiFactory : onChannelStatusFinished on channel ['DAHDI/i5/9002-2'] with result [6].
2014-02-21 10:10:00,021 - odin_incall - incallfastagi.py - 163 - DEBUG - IncallAGiFactory : onWaited on channel 'DAHDI/i5/9002-2'.
2014-02-21 10:10:00,024 - odin_incall - incallfastagi.py - 172 - DEBUG - IncallAGiFactory : onChannelStatusFinished on channel ['DAHDI/i5/9002-2'] with result [6].
2014-02-21 10:10:02,028 - odin_incall - incallfastagi.py - 163 - DEBUG - IncallAGiFactory : onWaited on channel 'DAHDI/i5/9002-2'.
2014-02-21 10:10:02,030 - odin_incall - incallfastagi.py - 172 - DEBUG - IncallAGiFactory : onChannelStatusFinished on channel ['DAHDI/i5/9002-2'] with result [6].
2014-02-21 10:10:04,032 - odin_incall - incallfastagi.py - 163 - DEBUG - IncallAGiFactory : onWaited on channel 'DAHDI/i5/9002-2'.
2014-02-21 10:10:04,035 - odin_incall - incallfastagi.py - 172 - DEBUG - IncallAGiFactory : onChannelStatusFinished on channel ['DAHDI/i5/9002-2'] with result [6].
2014-02-21 10:10:06,037 - odin_incall - incallfastagi.py - 163 - DEBUG - IncallAGiFactory : onWaited on channel 'DAHDI/i5/9002-2'.
2014-02-21 10:10:06,041 - odin_incall - incallfastagi.py - 172 - DEBUG - IncallAGiFactory : onChannelStatusFinished on channel ['DAHDI/i5/9002-2'] with result [6].
2014-02-21 10:10:08,044 - odin_incall - incallfastagi.py - 163 - DEBUG - IncallAGiFactory : onWaited on channel 'DAHDI/i5/9002-2'.
2014-02-21 10:10:08,047 - odin_incall - incallfastagi.py - 172 - DEBUG - IncallAGiFactory : onChannelStatusFinished on channel ['DAHDI/i5/9002-2'] with result [6].
2014-02-21 10:10:10,049 - odin_incall - incallfastagi.py - 163 - DEBUG - IncallAGiFactory : onWaited on channel 'DAHDI/i5/9002-2'.
2014-02-21 10:10:10,051 - odin_incall - incallfastagi.py - 172 - DEBUG - IncallAGiFactory : onChannelStatusFinished on channel ['DAHDI/i5/9002-2'] with result [6].
2014-02-21 10:10:12,053 - odin_incall - incallfastagi.py - 163 - DEBUG - IncallAGiFactory : onWaited on channel 'DAHDI/i5/9002-2'.
2014-02-21 10:10:12,055 - odin_incall - incallfastagi.py - 172 - DEBUG - IncallAGiFactory : onChannelStatusFinished on channel ['DAHDI/i5/9002-2'] with result [6].
2014-02-21 10:10:14,060 - odin_incall - incallfastagi.py - 163 - DEBUG - IncallAGiFactory : onWaited on channel 'DAHDI/i5/9002-2'.
2014-02-21 10:10:14,063 - odin_incall - incallfastagi.py - 172 - DEBUG - IncallAGiFactory : onChannelStatusFinished on channel ['DAHDI/i5/9002-2'] with result [6].
2014-02-21 10:10:16,064 - odin_incall - incallfastagi.py - 163 - DEBUG - IncallAGiFactory : onWaited on channel 'DAHDI/i5/9002-2'.
2014-02-21 10:10:16,067 - odin_incall - incallfastagi.py - 172 - DEBUG - IncallAGiFactory : onChannelStatusFinished on channel ['DAHDI/i5/9002-2'] with result [6].
2014-02-21 10:10:18,068 - odin_incall - incallfastagi.py - 163 - DEBUG - IncallAGiFactory : onWaited on channel 'DAHDI/i5/9002-2'.
2014-02-21 10:10:18,071 - odin_incall - incallfastagi.py - 172 - DEBUG - IncallAGiFactory : onChannelStatusFinished on channel ['DAHDI/i5/9002-2'] with result [6].
2014-02-21 10:10:20,072 - odin_incall - incallfastagi.py - 163 - DEBUG - IncallAGiFactory : onWaited on channel 'DAHDI/i5/9002-2'.
2014-02-21 10:10:20,075 - odin_incall - incallfastagi.py - 172 - DEBUG - IncallAGiFactory : onChannelStatusFinished on channel ['DAHDI/i5/9002-2'] with result [6].
2014-02-21 10:10:22,076 - odin_incall - incallfastagi.py - 163 - DEBUG - IncallAGiFactory : onWaited on channel 'DAHDI/i5/9002-2'.
2014-02-21 10:10:22,079 - odin_incall - incallfastagi.py - 172 - DEBUG - IncallAGiFactory : onChannelStatusFinished on channel ['DAHDI/i5/9002-2'] with result [6].
2014-02-21 10:10:24,080 - odin_incall - incallfastagi.py - 163 - DEBUG - IncallAGiFactory : onWaited on channel 'DAHDI/i5/9002-2'.
2014-02-21 10:10:24,083 - odin_incall - incallfastagi.py - 172 - DEBUG - IncallAGiFactory : onChannelStatusFinished on channel ['DAHDI/i5/9002-2'] with result [6].
2014-02-21 10:10:26,084 - odin_incall - incallfastagi.py - 163 - DEBUG - IncallAGiFactory : onWaited on channel 'DAHDI/i5/9002-2'.
2014-02-21 10:10:26,103 - odin_incall - incallfastagi.py - 172 - DEBUG - IncallAGiFactory : onChannelStatusFinished on channel ['DAHDI/i5/9002-2'] with result [6].
2014-02-21 10:10:28,108 - odin_incall - incallfastagi.py - 163 - DEBUG - IncallAGiFactory : onWaited on channel 'DAHDI/i5/9002-2'.
2014-02-21 10:10:28,111 - odin_incall - incallfastagi.py - 172 - DEBUG - IncallAGiFactory : onChannelStatusFinished on channel ['DAHDI/i5/9002-2'] with result [6].
2014-02-21 10:10:30,112 - odin_incall - incallfastagi.py - 163 - DEBUG - IncallAGiFactory : onWaited on channel 'DAHDI/i5/9002-2'.
2014-02-21 10:10:30,115 - odin_incall - incallfastagi.py - 172 - DEBUG - IncallAGiFactory : onChannelStatusFinished on channel ['DAHDI/i5/9002-2'] with result [6].
2014-02-21 10:10:32,116 - odin_incall - incallfastagi.py - 163 - DEBUG - IncallAGiFactory : onWaited on channel 'DAHDI/i5/9002-2'.
2014-02-21 10:10:32,119 - odin_incall - incallfastagi.py - 172 - DEBUG - IncallAGiFactory : onChannelStatusFinished on channel ['DAHDI/i5/9002-2'] with result [6].
2014-02-21 10:10:34,120 - odin_incall - incallfastagi.py - 163 - DEBUG - IncallAGiFactory : onWaited on channel 'DAHDI/i5/9002-2'.
2014-02-21 10:10:34,122 - odin_incall - incallfastagi.py - 172 - DEBUG - IncallAGiFactory : onChannelStatusFinished on channel ['DAHDI/i5/9002-2'] with result [6].
2014-02-21 10:10:36,124 - odin_incall - incallfastagi.py - 163 - DEBUG - IncallAGiFactory : onWaited on channel 'DAHDI/i5/9002-2'.
2014-02-21 10:10:36,126 - odin_incall - incallfastagi.py - 172 - DEBUG - IncallAGiFactory : onChannelStatusFinished on channel ['DAHDI/i5/9002-2'] with result [6].
2014-02-21 10:10:38,128 - odin_incall - incallfastagi.py - 163 - DEBUG - IncallAGiFactory : onWaited on channel 'DAHDI/i5/9002-2'.
2014-02-21 10:10:38,132 - odin_incall - incallfastagi.py - 172 - DEBUG - IncallAGiFactory : onChannelStatusFinished on channel ['DAHDI/i5/9002-2'] with result [6].
2014-02-21 10:10:40,136 - odin_incall - incallfastagi.py - 163 - DEBUG - IncallAGiFactory : onWaited on channel 'DAHDI/i5/9002-2'.
2014-02-21 10:10:40,138 - odin_incall - incallfastagi.py - 172 - DEBUG - IncallAGiFactory : onChannelStatusFinished on channel ['DAHDI/i5/9002-2'] with result [6].
2014-02-21 10:10:42,140 - odin_incall - incallfastagi.py - 163 - DEBUG - IncallAGiFactory : onWaited on channel 'DAHDI/i5/9002-2'.
2014-02-21 10:10:42,142 - odin_incall - incallfastagi.py - 172 - DEBUG - IncallAGiFactory : onChannelStatusFinished on channel ['DAHDI/i5/9002-2'] with result [6].
2014-02-21 10:10:44,144 - odin_incall - incallfastagi.py - 163 - DEBUG - IncallAGiFactory : onWaited on channel 'DAHDI/i5/9002-2'.
2014-02-21 10:10:44,147 - odin_incall - incallfastagi.py - 172 - DEBUG - IncallAGiFactory : onChannelStatusFinished on channel ['DAHDI/i5/9002-2'] with result [6].
2014-02-21 10:10:46,148 - odin_incall - incallfastagi.py - 163 - DEBUG - IncallAGiFactory : onWaited on channel 'DAHDI/i5/9002-2'.
2014-02-21 10:10:46,151 - odin_incall - incallfastagi.py - 172 - DEBUG - IncallAGiFactory : onChannelStatusFinished on channel ['DAHDI/i5/9002-2'] with result [6].
2014-02-21 10:10:48,156 - odin_incall - incallfastagi.py - 163 - DEBUG - IncallAGiFactory : onWaited on channel 'DAHDI/i5/9002-2'.
2014-02-21 10:10:48,159 - odin_incall - incallfastagi.py - 172 - DEBUG - IncallAGiFactory : onChannelStatusFinished on channel ['DAHDI/i5/9002-2'] with result [6].
2014-02-21 10:10:50,160 - odin_incall - incallfastagi.py - 163 - DEBUG - IncallAGiFactory : onWaited on channel 'DAHDI/i5/9002-2'.
2014-02-21 10:10:50,163 - odin_incall - incallfastagi.py - 172 - DEBUG - IncallAGiFactory : onChannelStatusFinished on channel ['DAHDI/i5/9002-2'] with result [6].
2014-02-21 10:10:52,168 - odin_incall - incallfastagi.py - 163 - DEBUG - IncallAGiFactory : onWaited on channel 'DAHDI/i5/9002-2'.
2014-02-21 10:10:52,174 - odin_incall - incallfastagi.py - 172 - DEBUG - IncallAGiFactory : onChannelStatusFinished on channel ['DAHDI/i5/9002-2'] with result [6].
2014-02-21 10:10:54,181 - odin_incall - incallfastagi.py - 163 - DEBUG - IncallAGiFactory : onWaited on channel 'DAHDI/i5/9002-2'.
2014-02-21 10:10:54,184 - odin_incall - incallfastagi.py - 172 - DEBUG - IncallAGiFactory : onChannelStatusFinished on channel ['DAHDI/i5/9002-2'] with result [6].
2014-02-21 10:10:56,188 - odin_incall - incallfastagi.py - 163 - DEBUG - IncallAGiFactory : onWaited on channel 'DAHDI/i5/9002-2'.
2014-02-21 10:10:56,191 - odin_incall - incallfastagi.py - 172 - DEBUG - IncallAGiFactory : onChannelStatusFinished on channel ['DAHDI/i5/9002-2'] with result [6].
2014-02-21 10:10:58,192 - odin_incall - incallfastagi.py - 163 - DEBUG - IncallAGiFactory : onWaited on channel 'DAHDI/i5/9002-2'.
2014-02-21 10:10:58,195 - odin_incall - incallfastagi.py - 172 - DEBUG - IncallAGiFactory : onChannelStatusFinished on channel ['DAHDI/i5/9002-2'] with result [6].
2014-02-21 10:11:00,196 - odin_incall - incallfastagi.py - 163 - DEBUG - IncallAGiFactory : onWaited on channel 'DAHDI/i5/9002-2'.
2014-02-21 10:11:00,199 - odin_incall - incallfastagi.py - 172 - DEBUG - IncallAGiFactory : onChannelStatusFinished on channel ['DAHDI/i5/9002-2'] with result [6].
2014-02-21 10:11:02,201 - odin_incall - incallfastagi.py - 163 - DEBUG - IncallAGiFactory : onWaited on channel 'DAHDI/i5/9002-2'.
2014-02-21 10:11:02,203 - odin_incall - incallfastagi.py - 172 - DEBUG - IncallAGiFactory : onChannelStatusFinished on channel ['DAHDI/i5/9002-2'] with result [6].
2014-02-21 10:11:04,208 - odin_incall - incallfastagi.py - 163 - DEBUG - IncallAGiFactory : onWaited on channel 'DAHDI/i5/9002-2'.
2014-02-21 10:11:04,211 - odin_incall - incallfastagi.py - 172 - DEBUG - IncallAGiFactory : onChannelStatusFinished on channel ['DAHDI/i5/9002-2'] with result [6].
2014-02-21 10:11:06,212 - odin_incall - incallfastagi.py - 163 - DEBUG - IncallAGiFactory : onWaited on channel 'DAHDI/i5/9002-2'.
2014-02-21 10:11:06,215 - odin_incall - incallfastagi.py - 179 - DEBUG - IncallAGiFactory : onChannelStatusFailed unable to get the channel status 'DAHDI/i5/9002-2': Traceback (most recent call last):
Failure: starpy.error.AGICommandFailure: (511, 'Command Not Permitted on a dead channel')

2014-02-21 10:11:06,216 - odin_incall - incallfastagi.py - 249 - WARNING - IncallApplication : Incomming call for the channel [DAHDI/i5/9002-2] removed.
2014-02-21 10:11:06,217 - odin_incall - incallfastagi.py - 172 - DEBUG - IncallAGiFactory : onChannelStatusFinished on channel ['DAHDI/i5/9002-2'] with result [None].
2014-02-21 10:11:06,411 - odin_incall - incallfastagi.py - 231 - DEBUG - IncallApplication : Incomming call for the channel [DAHDI/i5/9002-3] comming.
2014-02-21 10:11:06,418 - odin_incall - incallfastagi.py - 141 - DEBUG - DialPlan : Answer a new incomming call for channel [DAHDI/i5/9002-3]
2014-02-21 10:11:06,420 - odin_incall - incallfastagi.py - 236 - DEBUG - IncallApplication : DialPlan started for the channel [DAHDI/i5/9002-3].
2014-02-21 10:11:08,220 - odin_incall - incallfastagi.py - 163 - DEBUG - IncallAGiFactory : onWaited on channel 'DAHDI/i5/9002-2'.
2014-02-21 10:11:09,693 - odin_incall - incallfastagi.py - 158 - DEBUG - IncallAGiFactory : PlayFinished for the channel [DAHDI/i5/9002-3].
2014-02-21 10:11:11,696 - odin_incall - incallfastagi.py - 163 - DEBUG - IncallAGiFactory : onWaited on channel 'DAHDI/i5/9002-3'.
2014-02-21 10:11:11,699 - odin_incall - incallfastagi.py - 172 - DEBUG - IncallAGiFactory : onChannelStatusFinished on channel ['DAHDI/i5/9002-3'] with result [6].
2014-02-21 10:11:13,700 - odin_incall - incallfastagi.py - 163 - DEBUG - IncallAGiFactory : onWaited on channel 'DAHDI/i5/9002-3'.
2014-02-21 10:11:13,703 - odin_incall - incallfastagi.py - 172 - DEBUG - IncallAGiFactory : onChannelStatusFinished on channel ['DAHDI/i5/9002-3'] with result [6].
2014-02-21 10:11:15,502 - odin_incall - incallfastagi.py - 70 - DEBUG - Redis : incomming message [ pattern=None, channel=odin_agi_request_channel message={"post": "6005", "uniqueid": "1392973866.7", "id": "commutincall", "channel": "DAHDI/i5/9002-3"} ].
2014-02-21 10:11:15,509 - odin_incall - incallfastagi.py - 269 - DEBUG - IncallAGiFactory : Get request from odin server.
2014-02-21 10:11:15,511 - odin_incall - incallfastagi.py - 275 - INFO - IncallAGiFactory : I'm processing request : commutincall
2014-02-21 10:11:15,704 - odin_incall - incallfastagi.py - 163 - DEBUG - IncallAGiFactory : onWaited on channel 'DAHDI/i5/9002-3'.
2014-02-21 10:12:47,130 - odin_incall - incallfastagi.py - 185 - DEBUG - IncallAGiFactory : onDial finished with result [-1] for the channel [DAHDI/i5/9002-3].
2014-02-21 10:12:47,133 - odin_incall - incallfastagi.py - 172 - DEBUG - IncallAGiFactory : onChannelStatusFinished on channel ['DAHDI/i5/9002-3'] with result [6].
2014-02-21 10:12:49,137 - odin_incall - incallfastagi.py - 163 - DEBUG - IncallAGiFactory : onWaited on channel 'DAHDI/i5/9002-3'.
2014-02-21 10:12:49,141 - odin_incall - incallfastagi.py - 172 - DEBUG - IncallAGiFactory : onChannelStatusFinished on channel ['DAHDI/i5/9002-3'] with result [6].
2014-02-21 10:12:51,144 - odin_incall - incallfastagi.py - 163 - DEBUG - IncallAGiFactory : onWaited on channel 'DAHDI/i5/9002-3'.
2014-02-21 10:12:51,147 - odin_incall - incallfastagi.py - 172 - DEBUG - IncallAGiFactory : onChannelStatusFinished on channel ['DAHDI/i5/9002-3'] with result [6].
2014-02-21 10:12:53,148 - odin_incall - incallfastagi.py - 163 - DEBUG - IncallAGiFactory : onWaited on channel 'DAHDI/i5/9002-3'.
2014-02-21 10:12:53,151 - odin_incall - incallfastagi.py - 172 - DEBUG - IncallAGiFactory : onChannelStatusFinished on channel ['DAHDI/i5/9002-3'] with result [6].
2014-02-21 10:12:55,153 - odin_incall - incallfastagi.py - 163 - DEBUG - IncallAGiFactory : onWaited on channel 'DAHDI/i5/9002-3'.
2014-02-21 10:12:55,155 - odin_incall - incallfastagi.py - 172 - DEBUG - IncallAGiFactory : onChannelStatusFinished on channel ['DAHDI/i5/9002-3'] with result [6].
2014-02-21 10:12:57,157 - odin_incall - incallfastagi.py - 163 - DEBUG - IncallAGiFactory : onWaited on channel 'DAHDI/i5/9002-3'.
2014-02-21 10:12:57,159 - odin_incall - incallfastagi.py - 172 - DEBUG - IncallAGiFactory : onChannelStatusFinished on channel ['DAHDI/i5/9002-3'] with result [6].
2014-02-21 10:12:59,161 - odin_incall - incallfastagi.py - 163 - DEBUG - IncallAGiFactory : onWaited on channel 'DAHDI/i5/9002-3'.
2014-02-21 10:12:59,163 - odin_incall - incallfastagi.py - 172 - DEBUG - IncallAGiFactory : onChannelStatusFinished on channel ['DAHDI/i5/9002-3'] with result [6].
2014-02-21 10:13:01,164 - odin_incall - incallfastagi.py - 163 - DEBUG - IncallAGiFactory : onWaited on channel 'DAHDI/i5/9002-3'.
2014-02-21 10:13:01,167 - odin_incall - incallfastagi.py - 179 - DEBUG - IncallAGiFactory : onChannelStatusFailed unable to get the channel status 'DAHDI/i5/9002-3': Traceback (most recent call last):
Failure: starpy.error.AGICommandFailure: (511, 'Command Not Permitted on a dead channel')

2014-02-21 10:13:01,168 - odin_incall - incallfastagi.py - 249 - WARNING - IncallApplication : Incomming call for the channel [DAHDI/i5/9002-3] removed.
2014-02-21 10:13:01,169 - odin_incall - incallfastagi.py - 172 - DEBUG - IncallAGiFactory : onChannelStatusFinished on channel ['DAHDI/i5/9002-3'] with result [None].
2014-02-21 10:13:02,697 - odin_incall - incallfastagi.py - 231 - DEBUG - IncallApplication : Incomming call for the channel [DAHDI/i5/9002-4] comming.
2014-02-21 10:13:02,698 - odin_incall - incallfastagi.py - 141 - DEBUG - DialPlan : Answer a new incomming call for channel [DAHDI/i5/9002-4]
2014-02-21 10:13:02,706 - odin_incall - incallfastagi.py - 236 - DEBUG - IncallApplication : DialPlan started for the channel [DAHDI/i5/9002-4].
2014-02-21 10:13:03,172 - odin_incall - incallfastagi.py - 163 - DEBUG - IncallAGiFactory : onWaited on channel 'DAHDI/i5/9002-3'.
2014-02-21 10:13:05,959 - odin_incall - incallfastagi.py - 158 - DEBUG - IncallAGiFactory : PlayFinished for the channel [DAHDI/i5/9002-4].
2014-02-21 10:13:07,960 - odin_incall - incallfastagi.py - 163 - DEBUG - IncallAGiFactory : onWaited on channel 'DAHDI/i5/9002-4'.
2014-02-21 10:13:07,963 - odin_incall - incallfastagi.py - 172 - DEBUG - IncallAGiFactory : onChannelStatusFinished on channel ['DAHDI/i5/9002-4'] with result [6].
2014-02-21 10:13:09,964 - odin_incall - incallfastagi.py - 163 - DEBUG - IncallAGiFactory : onWaited on channel 'DAHDI/i5/9002-4'.
2014-02-21 10:13:09,966 - odin_incall - incallfastagi.py - 172 - DEBUG - IncallAGiFactory : onChannelStatusFinished on channel ['DAHDI/i5/9002-4'] with result [6].
2014-02-21 10:13:11,968 - odin_incall - incallfastagi.py - 163 - DEBUG - IncallAGiFactory : onWaited on channel 'DAHDI/i5/9002-4'.
2014-02-21 10:13:11,971 - odin_incall - incallfastagi.py - 172 - DEBUG - IncallAGiFactory : onChannelStatusFinished on channel ['DAHDI/i5/9002-4'] with result [6].
2014-02-21 10:13:13,973 - odin_incall - incallfastagi.py - 163 - DEBUG - IncallAGiFactory : onWaited on channel 'DAHDI/i5/9002-4'.
2014-02-21 10:13:13,975 - odin_incall - incallfastagi.py - 172 - DEBUG - IncallAGiFactory : onChannelStatusFinished on channel ['DAHDI/i5/9002-4'] with result [6].
2014-02-21 10:13:15,976 - odin_incall - incallfastagi.py - 163 - DEBUG - IncallAGiFactory : onWaited on channel 'DAHDI/i5/9002-4'.
2014-02-21 10:13:15,979 - odin_incall - incallfastagi.py - 172 - DEBUG - IncallAGiFactory : onChannelStatusFinished on channel ['DAHDI/i5/9002-4'] with result [6].
2014-02-21 10:13:17,980 - odin_incall - incallfastagi.py - 163 - DEBUG - IncallAGiFactory : onWaited on channel 'DAHDI/i5/9002-4'.
2014-02-21 10:13:17,982 - odin_incall - incallfastagi.py - 172 - DEBUG - IncallAGiFactory : onChannelStatusFinished on channel ['DAHDI/i5/9002-4'] with result [6].
2014-02-21 10:13:19,985 - odin_incall - incallfastagi.py - 163 - DEBUG - IncallAGiFactory : onWaited on channel 'DAHDI/i5/9002-4'.
2014-02-21 10:13:19,988 - odin_incall - incallfastagi.py - 172 - DEBUG - IncallAGiFactory : onChannelStatusFinished on channel ['DAHDI/i5/9002-4'] with result [6].
2014-02-21 10:13:21,992 - odin_incall - incallfastagi.py - 163 - DEBUG - IncallAGiFactory : onWaited on channel 'DAHDI/i5/9002-4'.
2014-02-21 10:13:21,995 - odin_incall - incallfastagi.py - 172 - DEBUG - IncallAGiFactory : onChannelStatusFinished on channel ['DAHDI/i5/9002-4'] with result [6].
2014-02-21 10:13:22,364 - odin_incall - incallfastagi.py - 70 - DEBUG - Redis : incomming message [ pattern=None, channel=odin_agi_request_channel message={"post": "6005", "uniqueid": "1392973982.12", "id": "commutincall", "channel": "DAHDI/i5/9002-4"} ].
2014-02-21 10:13:22,374 - odin_incall - incallfastagi.py - 269 - DEBUG - IncallAGiFactory : Get request from odin server.
2014-02-21 10:13:22,376 - odin_incall - incallfastagi.py - 275 - INFO - IncallAGiFactory : I'm processing request : commutincall
2014-02-21 10:13:24,000 - odin_incall - incallfastagi.py - 163 - DEBUG - IncallAGiFactory : onWaited on channel 'DAHDI/i5/9002-4'.
2014-02-21 10:14:24,131 - odin_incall - incallfastagi.py - 185 - DEBUG - IncallAGiFactory : onDial finished with result [-1] for the channel [DAHDI/i5/9002-4].
2014-02-21 10:14:24,134 - odin_incall - incallfastagi.py - 172 - DEBUG - IncallAGiFactory : onChannelStatusFinished on channel ['DAHDI/i5/9002-4'] with result [6].
2014-02-21 10:14:26,148 - odin_incall - incallfastagi.py - 163 - DEBUG - IncallAGiFactory : onWaited on channel 'DAHDI/i5/9002-4'.
2014-02-21 10:14:26,151 - odin_incall - incallfastagi.py - 172 - DEBUG - IncallAGiFactory : onChannelStatusFinished on channel ['DAHDI/i5/9002-4'] with result [6].
2014-02-21 10:14:28,152 - odin_incall - incallfastagi.py - 163 - DEBUG - IncallAGiFactory : onWaited on channel 'DAHDI/i5/9002-4'.
2014-02-21 10:14:28,155 - odin_incall - incallfastagi.py - 172 - DEBUG - IncallAGiFactory : onChannelStatusFinished on channel ['DAHDI/i5/9002-4'] with result [6].
2014-02-21 10:14:30,156 - odin_incall - incallfastagi.py - 163 - DEBUG - IncallAGiFactory : onWaited on channel 'DAHDI/i5/9002-4'.
2014-02-21 10:14:30,159 - odin_incall - incallfastagi.py - 172 - DEBUG - IncallAGiFactory : onChannelStatusFinished on channel ['DAHDI/i5/9002-4'] with result [6].
2014-02-21 10:14:32,160 - odin_incall - incallfastagi.py - 163 - DEBUG - IncallAGiFactory : onWaited on channel 'DAHDI/i5/9002-4'.
2014-02-21 10:14:32,163 - odin_incall - incallfastagi.py - 172 - DEBUG - IncallAGiFactory : onChannelStatusFinished on channel ['DAHDI/i5/9002-4'] with result [6].
2014-02-21 10:14:34,165 - odin_incall - incallfastagi.py - 163 - DEBUG - IncallAGiFactory : onWaited on channel 'DAHDI/i5/9002-4'.
2014-02-21 10:14:34,167 - odin_incall - incallfastagi.py - 172 - DEBUG - IncallAGiFactory : onChannelStatusFinished on channel ['DAHDI/i5/9002-4'] with result [6].
2014-02-21 10:14:36,168 - odin_incall - incallfastagi.py - 163 - DEBUG - IncallAGiFactory : onWaited on channel 'DAHDI/i5/9002-4'.
2014-02-21 10:14:36,171 - odin_incall - incallfastagi.py - 172 - DEBUG - IncallAGiFactory : onChannelStatusFinished on channel ['DAHDI/i5/9002-4'] with result [6].
2014-02-21 10:14:38,172 - odin_incall - incallfastagi.py - 163 - DEBUG - IncallAGiFactory : onWaited on channel 'DAHDI/i5/9002-4'.
2014-02-21 10:14:38,175 - odin_incall - incallfastagi.py - 172 - DEBUG - IncallAGiFactory : onChannelStatusFinished on channel ['DAHDI/i5/9002-4'] with result [6].
2014-02-21 10:14:40,176 - odin_incall - incallfastagi.py - 163 - DEBUG - IncallAGiFactory : onWaited on channel 'DAHDI/i5/9002-4'.
2014-02-21 10:14:40,179 - odin_incall - incallfastagi.py - 172 - DEBUG - IncallAGiFactory : onChannelStatusFinished on channel ['DAHDI/i5/9002-4'] with result [6].
2014-02-21 10:14:42,180 - odin_incall - incallfastagi.py - 163 - DEBUG - IncallAGiFactory : onWaited on channel 'DAHDI/i5/9002-4'.
2014-02-21 10:14:42,183 - odin_incall - incallfastagi.py - 179 - DEBUG - IncallAGiFactory : onChannelStatusFailed unable to get the channel status 'DAHDI/i5/9002-4': Traceback (most recent call last):
Failure: starpy.error.AGICommandFailure: (511, 'Command Not Permitted on a dead channel')

2014-02-21 10:14:42,184 - odin_incall - incallfastagi.py - 249 - WARNING - IncallApplication : Incomming call for the channel [DAHDI/i5/9002-4] removed.
2014-02-21 10:14:42,186 - odin_incall - incallfastagi.py - 172 - DEBUG - IncallAGiFactory : onChannelStatusFinished on channel ['DAHDI/i5/9002-4'] with result [None].
2014-02-21 10:14:44,188 - odin_incall - incallfastagi.py - 163 - DEBUG - IncallAGiFactory : onWaited on channel 'DAHDI/i5/9002-4'.
2014-02-21 17:18:32,007 - odin_incall - incallfastagi.py - 83 - DEBUG - Redis : lost connection.
2014-02-24 08:40:47,319 - odin_incall - incallfastagi.py - 101 - DEBUG - Redis : Connected.
2014-02-24 08:40:47,327 - odin_incall - incallfastagi.py - 102 - DEBUG - Redis : Resetting reconnection delay
2014-02-24 08:40:47,351 - odin_incall - incallfastagi.py - 70 - DEBUG - Redis : incomming message [ pattern=subscribe, channel=odin_agi_request_channel message=1 ].
