2014-02-24 08:39:42,915 - odin_ami - run_ami.py - 94 - DEBUG - Redis : Connection...
2014-02-24 08:39:42,917 - odin_ami - amidispatcher.py - 224 - DEBUG - amifacade ctor
2014-02-24 08:39:42,920 - odin_ami - amidispatcher.py - 394 - INFO - Starting Odin Asterisk Services...
2014-02-24 08:39:42,921 - odin_ami - amidispatcher.py - 442 - INFO - Server asterisk_1 :: Trying to connect to AMI at 127.0.0.1:5038
2014-02-24 08:39:42,924 - odin_ami - run_ami.py - 97 - DEBUG - Redis : Connected.
2014-02-24 08:39:42,925 - odin_ami - run_ami.py - 98 - DEBUG - Redis : Resetting reconnection delay
2014-02-24 08:39:42,951 - odin_ami - run_ami.py - 65 - DEBUG - Redis : incomming message [ pattern=subscribe, channel=odin_ami_action_channel message=1 ].
2014-02-24 08:39:42,953 - odin_ami - run_ami.py - 65 - DEBUG - Redis : incomming message [ pattern=subscribe, channel=odin_ami_request_channel message=2 ].
2014-02-24 08:39:42,982 - odin_ami - amidispatcher.py - 449 - INFO - Server asterisk_1 :: AMI Connected...
2014-02-24 08:39:42,983 - odin_ami - amidispatcher.py - 405 - INFO - Server asterisk_1 :: Marking as connected...
2014-02-24 08:39:42,994 - odin_ami - amidispatcher.py - 414 - INFO - Server asterisk_1 :: Asterisk 1.8.16.0 built by vassilux @ astnode1 on a i686 running Linux on 2012-10-29 12:41:05 UTC
2014-02-24 08:39:42,995 - odin_ami - amidispatcher.py - 420 - DEBUG - Server asterisk_1 :: Registering EventHandler for Rename
2014-02-24 08:39:42,995 - odin_ami - amidispatcher.py - 420 - DEBUG - Server asterisk_1 :: Registering EventHandler for PeerEntry
2014-02-24 08:39:42,996 - odin_ami - amidispatcher.py - 420 - DEBUG - Server asterisk_1 :: Registering EventHandler for Dial
2014-02-24 08:39:43,017 - odin_ami - amidispatcher.py - 420 - DEBUG - Server asterisk_1 :: Registering EventHandler for Unlink
2014-02-24 08:39:43,018 - odin_ami - amidispatcher.py - 420 - DEBUG - Server asterisk_1 :: Registering EventHandler for ParkedCall
2014-02-24 08:39:43,018 - odin_ami - amidispatcher.py - 420 - DEBUG - Server asterisk_1 :: Registering EventHandler for Hangup
2014-02-24 08:39:43,019 - odin_ami - amidispatcher.py - 420 - DEBUG - Server asterisk_1 :: Registering EventHandler for Newstate
2014-02-24 08:39:43,020 - odin_ami - amidispatcher.py - 420 - DEBUG - Server asterisk_1 :: Registering EventHandler for UnParkedCall
2014-02-24 08:39:43,028 - odin_ami - amidispatcher.py - 420 - DEBUG - Server asterisk_1 :: Registering EventHandler for MonitorStop
2014-02-24 08:39:43,030 - odin_ami - amidispatcher.py - 420 - DEBUG - Server asterisk_1 :: Registering EventHandler for MonitorStart
2014-02-24 08:39:43,031 - odin_ami - amidispatcher.py - 420 - DEBUG - Server asterisk_1 :: Registering EventHandler for PeerStatus
2014-02-24 08:39:43,033 - odin_ami - amidispatcher.py - 420 - DEBUG - Server asterisk_1 :: Registering EventHandler for Reload
2014-02-24 08:39:43,034 - odin_ami - amidispatcher.py - 420 - DEBUG - Server asterisk_1 :: Registering EventHandler for UserEvent
2014-02-24 08:39:43,046 - odin_ami - amidispatcher.py - 420 - DEBUG - Server asterisk_1 :: Registering EventHandler for ParkedCallGiveUp
2014-02-24 08:39:43,047 - odin_ami - amidispatcher.py - 420 - DEBUG - Server asterisk_1 :: Registering EventHandler for Link
2014-02-24 08:39:43,048 - odin_ami - amidispatcher.py - 420 - DEBUG - Server asterisk_1 :: Registering EventHandler for AlarmClear
2014-02-24 08:39:43,055 - odin_ami - amidispatcher.py - 420 - DEBUG - Server asterisk_1 :: Registering EventHandler for Newchannel
2014-02-24 08:39:43,055 - odin_ami - amidispatcher.py - 420 - DEBUG - Server asterisk_1 :: Registering EventHandler for ParkedCallTimeOut
2014-02-24 08:39:43,057 - odin_ami - amidispatcher.py - 420 - DEBUG - Server asterisk_1 :: Registering EventHandler for NewCallerid
2014-02-24 08:39:43,061 - odin_ami - amidispatcher.py - 420 - DEBUG - Server asterisk_1 :: Registering EventHandler for Bridge
2014-02-24 08:39:43,063 - odin_ami - amidispatcher.py - 420 - DEBUG - Server asterisk_1 :: Registering EventHandler for Alarm
2014-02-24 08:39:43,073 - odin_ami - amidispatcher.py - 422 - DEBUG - Server asterisk_1 :: Starting Task Check Status...
2014-02-24 08:39:43,073 - odin_ami - amidispatcher.py - 1417 - INFO - Server asterisk_1 :: Requesting Asterisk Configuration...
2014-02-24 08:39:43,074 - odin_ami - amidispatcher.py - 1445 - DEBUG - Server asterisk_1 :: Requesting SIP Peers...
2014-02-24 08:39:43,075 - odin_ami - amidispatcher.py - 1450 - DEBUG - Server asterisk_1 :: Requesting IAX Peers...
2014-02-24 08:39:43,076 - odin_ami - amidispatcher.py - 1462 - INFO - Server asterisk_1 :: Requesting asterisk status...
2014-02-24 08:39:43,100 - odin_ami - amidispatcher.py - 677 - DEBUG - Server asterisk_1 :: Processing Event PeerEntry 1 ...
2014-02-24 08:39:43,102 - odin_ami - amidispatcher.py - 1652 - DEBUG - Server asterisk_1 :: Adding User/Peer SIP/6000 
2014-02-24 08:39:43,106 - odin_ami - amidispatcher.py - 677 - DEBUG - Server asterisk_1 :: Processing Event PeerEntry 1 ...
2014-02-24 08:39:43,110 - odin_ami - amidispatcher.py - 677 - DEBUG - Server asterisk_1 :: Processing Event PeerEntry 1 ...
2014-02-24 08:39:43,111 - odin_ami - amidispatcher.py - 677 - DEBUG - Server asterisk_1 :: Processing Event PeerEntry 1 ...
2014-02-24 08:39:43,117 - odin_ami - amidispatcher.py - 1652 - DEBUG - Server asterisk_1 :: Adding User/Peer SIP/6005 
2014-02-24 08:39:43,118 - odin_ami - amidispatcher.py - 677 - DEBUG - Server asterisk_1 :: Processing Event PeerEntry 1 ...
2014-02-24 08:39:43,119 - odin_ami - amidispatcher.py - 1652 - DEBUG - Server asterisk_1 :: Adding User/Peer SIP/6006 
2014-02-24 08:39:43,128 - odin_ami - amidispatcher.py - 677 - DEBUG - Server asterisk_1 :: Processing Event PeerEntry 1 ...
2014-02-24 08:39:43,129 - odin_ami - amidispatcher.py - 677 - DEBUG - Server asterisk_1 :: Processing Event PeerEntry 1 ...
2014-02-24 08:39:43,131 - odin_ami - amidispatcher.py - 677 - DEBUG - Server asterisk_1 :: Processing Event PeerEntry 1 ...
2014-02-24 08:39:43,132 - odin_ami - amidispatcher.py - 677 - DEBUG - Server asterisk_1 :: Processing Event PeerEntry 1 ...
2014-02-24 08:39:43,142 - odin_ami - amidispatcher.py - 677 - DEBUG - Server asterisk_1 :: Processing Event PeerEntry 1 ...
2014-02-24 08:39:43,143 - odin_ami - amidispatcher.py - 677 - DEBUG - Server asterisk_1 :: Processing Event PeerEntry 1 ...
2014-02-24 08:39:43,152 - odin_ami - amidispatcher.py - 677 - DEBUG - Server asterisk_1 :: Processing Event PeerEntry 1 ...
2014-02-24 08:39:43,154 - odin_ami - amidispatcher.py - 677 - DEBUG - Server asterisk_1 :: Processing Event PeerEntry 1 ...
2014-02-24 08:39:43,158 - odin_ami - amidispatcher.py - 677 - DEBUG - Server asterisk_1 :: Processing Event PeerEntry 1 ...
2014-02-24 08:39:43,161 - odin_ami - amidispatcher.py - 677 - DEBUG - Server asterisk_1 :: Processing Event PeerEntry 1 ...
2014-02-24 08:39:43,164 - odin_ami - amidispatcher.py - 677 - DEBUG - Server asterisk_1 :: Processing Event PeerEntry 1 ...
2014-02-24 08:39:43,169 - odin_ami - amidispatcher.py - 677 - DEBUG - Server asterisk_1 :: Processing Event PeerEntry 1 ...
2014-02-24 08:39:43,170 - odin_ami - amidispatcher.py - 1652 - DEBUG - Server asterisk_1 :: Adding User/Peer IAX2/6003 
2014-02-24 08:39:43,171 - odin_ami - amidispatcher.py - 677 - DEBUG - Server asterisk_1 :: Processing Event PeerEntry 1 ...
2014-02-24 08:39:43,181 - odin_ami - amidispatcher.py - 677 - DEBUG - Server asterisk_1 :: Processing Event PeerEntry 1 ...
2014-02-24 08:39:43,182 - odin_ami - amidispatcher.py - 677 - DEBUG - Server asterisk_1 :: Processing Event PeerEntry 1 ...
2014-02-24 08:39:43,183 - odin_ami - amidispatcher.py - 677 - DEBUG - Server asterisk_1 :: Processing Event PeerEntry 1 ...
2014-02-24 08:39:43,190 - odin_ami - amidispatcher.py - 677 - DEBUG - Server asterisk_1 :: Processing Event PeerEntry 1 ...
2014-02-24 08:39:43,191 - odin_ami - amidispatcher.py - 677 - DEBUG - Server asterisk_1 :: Processing Event PeerEntry 1 ...
2014-02-24 08:39:43,196 - odin_ami - amidispatcher.py - 677 - DEBUG - Server asterisk_1 :: Processing Event PeerEntry 1 ...
2014-02-24 08:39:43,197 - odin_ami - amidispatcher.py - 677 - DEBUG - Server asterisk_1 :: Processing Event PeerEntry 1 ...
2014-02-24 08:39:43,202 - odin_ami - amidispatcher.py - 1467 - DEBUG - Server asterisk_1 :: Processing channels status...
2014-02-24 08:39:43,203 - odin_ami - amidispatcher.py - 1535 - DEBUG - Server asterisk_1 :: End of channels status...
2014-02-24 08:39:43,273 - odin_ami - amidispatcher.py - 710 - DEBUG - Server asterisk_1 :: Processing sip show peer 6000...
2014-02-24 08:39:43,281 - odin_ami - amidispatcher.py - 1668 - DEBUG - Server asterisk_1 :: Updating User/Peer SIP/6000 
2014-02-24 08:39:43,293 - odin_ami - amidispatcher.py - 710 - DEBUG - Server asterisk_1 :: Processing sip show peer 6005...
2014-02-24 08:39:43,294 - odin_ami - amidispatcher.py - 1668 - DEBUG - Server asterisk_1 :: Updating User/Peer SIP/6005 
2014-02-24 08:39:43,315 - odin_ami - amidispatcher.py - 710 - DEBUG - Server asterisk_1 :: Processing sip show peer 6006...
2014-02-24 08:39:43,316 - odin_ami - amidispatcher.py - 1668 - DEBUG - Server asterisk_1 :: Updating User/Peer SIP/6006 
2014-02-24 08:39:43,338 - odin_ami - amidispatcher.py - 710 - DEBUG - Server asterisk_1 :: Processing iax2 show peer 6003...
2014-02-24 08:39:43,340 - odin_ami - amidispatcher.py - 1668 - DEBUG - Server asterisk_1 :: Updating User/Peer IAX2/6003 
2014-02-24 08:39:51,683 - odin_ami - amidispatcher.py - 752 - DEBUG - Server asterisk_1 :: Processing Event PeerStatus...
2014-02-24 08:39:51,685 - odin_ami - amidispatcher.py - 1668 - DEBUG - Server asterisk_1 :: Updating User/Peer SIP/6006 
2014-02-24 08:39:53,077 - odin_ami - amidispatcher.py - 1462 - INFO - Server asterisk_1 :: Requesting asterisk status...
2014-02-24 08:39:53,080 - odin_ami - amidispatcher.py - 1467 - DEBUG - Server asterisk_1 :: Processing channels status...
2014-02-24 08:39:53,081 - odin_ami - amidispatcher.py - 1535 - DEBUG - Server asterisk_1 :: End of channels status...
2014-02-24 08:40:03,076 - odin_ami - amidispatcher.py - 1462 - INFO - Server asterisk_1 :: Requesting asterisk status...
2014-02-24 08:40:03,082 - odin_ami - amidispatcher.py - 1467 - DEBUG - Server asterisk_1 :: Processing channels status...
2014-02-24 08:40:03,084 - odin_ami - amidispatcher.py - 1535 - DEBUG - Server asterisk_1 :: End of channels status...
2014-02-24 08:40:13,076 - odin_ami - amidispatcher.py - 1462 - INFO - Server asterisk_1 :: Requesting asterisk status...
2014-02-24 08:40:13,079 - odin_ami - amidispatcher.py - 1467 - DEBUG - Server asterisk_1 :: Processing channels status...
2014-02-24 08:40:13,080 - odin_ami - amidispatcher.py - 1535 - DEBUG - Server asterisk_1 :: End of channels status...
2014-02-24 08:40:23,076 - odin_ami - amidispatcher.py - 1462 - INFO - Server asterisk_1 :: Requesting asterisk status...
2014-02-24 08:40:23,079 - odin_ami - amidispatcher.py - 1467 - DEBUG - Server asterisk_1 :: Processing channels status...
2014-02-24 08:40:23,082 - odin_ami - amidispatcher.py - 1535 - DEBUG - Server asterisk_1 :: End of channels status...
2014-02-24 08:40:33,076 - odin_ami - amidispatcher.py - 1462 - INFO - Server asterisk_1 :: Requesting asterisk status...
2014-02-24 08:40:33,079 - odin_ami - amidispatcher.py - 1467 - DEBUG - Server asterisk_1 :: Processing channels status...
2014-02-24 08:40:33,080 - odin_ami - amidispatcher.py - 1535 - DEBUG - Server asterisk_1 :: End of channels status...
2014-02-24 08:40:35,486 - odin_ami - amidispatcher.py - 752 - DEBUG - Server asterisk_1 :: Processing Event PeerStatus...
2014-02-24 08:40:35,487 - odin_ami - amidispatcher.py - 1668 - DEBUG - Server asterisk_1 :: Updating User/Peer SIP/6005 
2014-02-24 08:40:43,076 - odin_ami - amidispatcher.py - 1462 - INFO - Server asterisk_1 :: Requesting asterisk status...
2014-02-24 08:40:43,079 - odin_ami - amidispatcher.py - 1467 - DEBUG - Server asterisk_1 :: Processing channels status...
2014-02-24 08:40:43,080 - odin_ami - amidispatcher.py - 1535 - DEBUG - Server asterisk_1 :: End of channels status...
2014-02-24 08:40:53,076 - odin_ami - amidispatcher.py - 1462 - INFO - Server asterisk_1 :: Requesting asterisk status...
2014-02-24 08:40:53,079 - odin_ami - amidispatcher.py - 1467 - DEBUG - Server asterisk_1 :: Processing channels status...
2014-02-24 08:40:53,080 - odin_ami - amidispatcher.py - 1535 - DEBUG - Server asterisk_1 :: End of channels status...
2014-02-24 08:41:03,076 - odin_ami - amidispatcher.py - 1462 - INFO - Server asterisk_1 :: Requesting asterisk status...
2014-02-24 08:41:03,079 - odin_ami - amidispatcher.py - 1467 - DEBUG - Server asterisk_1 :: Processing channels status...
2014-02-24 08:41:03,081 - odin_ami - amidispatcher.py - 1535 - DEBUG - Server asterisk_1 :: End of channels status...
2014-02-24 08:41:13,076 - odin_ami - amidispatcher.py - 1462 - INFO - Server asterisk_1 :: Requesting asterisk status...
2014-02-24 08:41:13,081 - odin_ami - amidispatcher.py - 1467 - DEBUG - Server asterisk_1 :: Processing channels status...
2014-02-24 08:41:13,082 - odin_ami - amidispatcher.py - 1535 - DEBUG - Server asterisk_1 :: End of channels status...
2014-02-24 08:41:23,076 - odin_ami - amidispatcher.py - 1462 - INFO - Server asterisk_1 :: Requesting asterisk status...
2014-02-24 08:41:23,079 - odin_ami - amidispatcher.py - 1467 - DEBUG - Server asterisk_1 :: Processing channels status...
2014-02-24 08:41:23,081 - odin_ami - amidispatcher.py - 1535 - DEBUG - Server asterisk_1 :: End of channels status...
2014-02-24 08:41:28,223 - odin_ami - run_ami.py - 65 - DEBUG - Redis : incomming message [ pattern=None, channel=odin_ami_request_channel message={"id":"get_servers","user":"admin"} ].
2014-02-24 08:41:28,225 - odin_ami - amidispatcher.py - 1037 - INFO - I'm processing request : get_servers
2014-02-24 08:41:28,239 - odin_ami - amidispatcher.py - 1055 - DEBUG - I send the list of servers to the user admin servers [ {"username": "admin", "id": "serverslist", "servers": ["asterisk_1"]} ]
2014-02-24 08:41:28,339 - odin_ami - run_ami.py - 65 - DEBUG - Redis : incomming message [ pattern=None, channel=odin_ami_request_channel message={"id":"get_server_status","servername":"asterisk_1","user":"admin"} ].
2014-02-24 08:41:28,340 - odin_ami - amidispatcher.py - 1037 - INFO - I'm processing request : get_server_status
2014-02-24 08:41:28,349 - odin_ami - amidispatcher.py - 1058 - INFO - request_handler_get_server_status
2014-02-24 08:41:28,351 - odin_ami - amidispatcher.py - 1140 - INFO - I posted the serverstatus message admin to the user.
2014-02-24 08:41:28,377 - odin_ami - run_ami.py - 65 - DEBUG - Redis : incomming message [ pattern=None, channel=odin_ami_request_channel message={"id":"get_active_calls","servername":"asterisk_1","user":"admin"} ].
2014-02-24 08:41:28,378 - odin_ami - amidispatcher.py - 1037 - INFO - I'm processing request : get_active_calls
2014-02-24 08:41:28,379 - odin_ami - amidispatcher.py - 1258 - INFO - Server asterisk_1 :: Executting client request for alls active calls and channels fo user admin...
2014-02-24 08:41:28,379 - odin_ami - amidispatcher.py - 1259 - INFO - request_handler_get_server_status
2014-02-24 08:41:28,391 - odin_ami - amidispatcher.py - 1295 - INFO - I posted the activecalls message admin to the user.
2014-02-24 08:41:33,076 - odin_ami - amidispatcher.py - 1462 - INFO - Server asterisk_1 :: Requesting asterisk status...
2014-02-24 08:41:33,079 - odin_ami - amidispatcher.py - 1467 - DEBUG - Server asterisk_1 :: Processing channels status...
2014-02-24 08:41:33,081 - odin_ami - amidispatcher.py - 1535 - DEBUG - Server asterisk_1 :: End of channels status...
2014-02-24 08:41:36,797 - odin_ami - amidispatcher.py - 752 - DEBUG - Server asterisk_1 :: Processing Event PeerStatus...
2014-02-24 08:41:36,798 - odin_ami - amidispatcher.py - 1668 - DEBUG - Server asterisk_1 :: Updating User/Peer SIP/6006 
2014-02-24 08:41:43,076 - odin_ami - amidispatcher.py - 1462 - INFO - Server asterisk_1 :: Requesting asterisk status...
2014-02-24 08:41:43,080 - odin_ami - amidispatcher.py - 1467 - DEBUG - Server asterisk_1 :: Processing channels status...
2014-02-24 08:41:43,081 - odin_ami - amidispatcher.py - 1535 - DEBUG - Server asterisk_1 :: End of channels status...
2014-02-24 08:41:53,076 - odin_ami - amidispatcher.py - 1462 - INFO - Server asterisk_1 :: Requesting asterisk status...
2014-02-24 08:41:53,079 - odin_ami - amidispatcher.py - 1467 - DEBUG - Server asterisk_1 :: Processing channels status...
2014-02-24 08:41:53,080 - odin_ami - amidispatcher.py - 1535 - DEBUG - Server asterisk_1 :: End of channels status...
2014-02-24 08:42:03,076 - odin_ami - amidispatcher.py - 1462 - INFO - Server asterisk_1 :: Requesting asterisk status...
2014-02-24 08:42:03,079 - odin_ami - amidispatcher.py - 1467 - DEBUG - Server asterisk_1 :: Processing channels status...
2014-02-24 08:42:03,080 - odin_ami - amidispatcher.py - 1535 - DEBUG - Server asterisk_1 :: End of channels status...
2014-02-24 08:42:13,076 - odin_ami - amidispatcher.py - 1462 - INFO - Server asterisk_1 :: Requesting asterisk status...
2014-02-24 08:42:13,079 - odin_ami - amidispatcher.py - 1467 - DEBUG - Server asterisk_1 :: Processing channels status...
2014-02-24 08:42:13,080 - odin_ami - amidispatcher.py - 1535 - DEBUG - Server asterisk_1 :: End of channels status...
2014-02-24 08:42:20,511 - odin_ami - amidispatcher.py - 752 - DEBUG - Server asterisk_1 :: Processing Event PeerStatus...
2014-02-24 08:42:20,511 - odin_ami - amidispatcher.py - 1668 - DEBUG - Server asterisk_1 :: Updating User/Peer SIP/6005 
2014-02-24 08:42:23,076 - odin_ami - amidispatcher.py - 1462 - INFO - Server asterisk_1 :: Requesting asterisk status...
2014-02-24 08:42:23,079 - odin_ami - amidispatcher.py - 1467 - DEBUG - Server asterisk_1 :: Processing channels status...
2014-02-24 08:42:23,080 - odin_ami - amidispatcher.py - 1535 - DEBUG - Server asterisk_1 :: End of channels status...
2014-02-24 08:42:33,076 - odin_ami - amidispatcher.py - 1462 - INFO - Server asterisk_1 :: Requesting asterisk status...
2014-02-24 08:42:33,079 - odin_ami - amidispatcher.py - 1467 - DEBUG - Server asterisk_1 :: Processing channels status...
2014-02-24 08:42:33,081 - odin_ami - amidispatcher.py - 1535 - DEBUG - Server asterisk_1 :: End of channels status...
2014-02-24 08:42:43,076 - odin_ami - amidispatcher.py - 1462 - INFO - Server asterisk_1 :: Requesting asterisk status...
2014-02-24 08:42:43,079 - odin_ami - amidispatcher.py - 1467 - DEBUG - Server asterisk_1 :: Processing channels status...
2014-02-24 08:42:43,080 - odin_ami - amidispatcher.py - 1535 - DEBUG - Server asterisk_1 :: End of channels status...
2014-02-24 08:42:53,076 - odin_ami - amidispatcher.py - 1462 - INFO - Server asterisk_1 :: Requesting asterisk status...
2014-02-24 08:42:53,079 - odin_ami - amidispatcher.py - 1467 - DEBUG - Server asterisk_1 :: Processing channels status...
2014-02-24 08:42:53,080 - odin_ami - amidispatcher.py - 1535 - DEBUG - Server asterisk_1 :: End of channels status...
2014-02-24 08:43:03,076 - odin_ami - amidispatcher.py - 1462 - INFO - Server asterisk_1 :: Requesting asterisk status...
2014-02-24 08:43:03,079 - odin_ami - amidispatcher.py - 1467 - DEBUG - Server asterisk_1 :: Processing channels status...
2014-02-24 08:43:03,080 - odin_ami - amidispatcher.py - 1535 - DEBUG - Server asterisk_1 :: End of channels status...
2014-02-24 08:43:13,076 - odin_ami - amidispatcher.py - 1462 - INFO - Server asterisk_1 :: Requesting asterisk status...
2014-02-24 08:43:13,079 - odin_ami - amidispatcher.py - 1467 - DEBUG - Server asterisk_1 :: Processing channels status...
2014-02-24 08:43:13,080 - odin_ami - amidispatcher.py - 1535 - DEBUG - Server asterisk_1 :: End of channels status...
2014-02-24 08:43:21,912 - odin_ami - amidispatcher.py - 752 - DEBUG - Server asterisk_1 :: Processing Event PeerStatus...
2014-02-24 08:43:21,913 - odin_ami - amidispatcher.py - 1668 - DEBUG - Server asterisk_1 :: Updating User/Peer SIP/6006 
2014-02-24 08:43:23,076 - odin_ami - amidispatcher.py - 1462 - INFO - Server asterisk_1 :: Requesting asterisk status...
2014-02-24 08:43:23,079 - odin_ami - amidispatcher.py - 1467 - DEBUG - Server asterisk_1 :: Processing channels status...
2014-02-24 08:43:23,080 - odin_ami - amidispatcher.py - 1535 - DEBUG - Server asterisk_1 :: End of channels status...
2014-02-24 08:43:33,076 - odin_ami - amidispatcher.py - 1462 - INFO - Server asterisk_1 :: Requesting asterisk status...
2014-02-24 08:43:33,079 - odin_ami - amidispatcher.py - 1467 - DEBUG - Server asterisk_1 :: Processing channels status...
2014-02-24 08:43:33,080 - odin_ami - amidispatcher.py - 1535 - DEBUG - Server asterisk_1 :: End of channels status...
2014-02-24 08:43:43,076 - odin_ami - amidispatcher.py - 1462 - INFO - Server asterisk_1 :: Requesting asterisk status...
2014-02-24 08:43:43,079 - odin_ami - amidispatcher.py - 1467 - DEBUG - Server asterisk_1 :: Processing channels status...
2014-02-24 08:43:43,080 - odin_ami - amidispatcher.py - 1535 - DEBUG - Server asterisk_1 :: End of channels status...
2014-02-24 08:43:53,076 - odin_ami - amidispatcher.py - 1462 - INFO - Server asterisk_1 :: Requesting asterisk status...
2014-02-24 08:43:53,079 - odin_ami - amidispatcher.py - 1467 - DEBUG - Server asterisk_1 :: Processing channels status...
2014-02-24 08:43:53,080 - odin_ami - amidispatcher.py - 1535 - DEBUG - Server asterisk_1 :: End of channels status...
2014-02-24 08:44:03,076 - odin_ami - amidispatcher.py - 1462 - INFO - Server asterisk_1 :: Requesting asterisk status...
2014-02-24 08:44:03,079 - odin_ami - amidispatcher.py - 1467 - DEBUG - Server asterisk_1 :: Processing channels status...
2014-02-24 08:44:03,080 - odin_ami - amidispatcher.py - 1535 - DEBUG - Server asterisk_1 :: End of channels status...
2014-02-24 08:44:05,527 - odin_ami - amidispatcher.py - 752 - DEBUG - Server asterisk_1 :: Processing Event PeerStatus...
2014-02-24 08:44:05,528 - odin_ami - amidispatcher.py - 1668 - DEBUG - Server asterisk_1 :: Updating User/Peer SIP/6005 
2014-02-24 08:44:13,076 - odin_ami - amidispatcher.py - 1462 - INFO - Server asterisk_1 :: Requesting asterisk status...
2014-02-24 08:44:13,079 - odin_ami - amidispatcher.py - 1467 - DEBUG - Server asterisk_1 :: Processing channels status...
2014-02-24 08:44:13,080 - odin_ami - amidispatcher.py - 1535 - DEBUG - Server asterisk_1 :: End of channels status...
2014-02-24 08:44:23,076 - odin_ami - amidispatcher.py - 1462 - INFO - Server asterisk_1 :: Requesting asterisk status...
2014-02-24 08:44:23,079 - odin_ami - amidispatcher.py - 1467 - DEBUG - Server asterisk_1 :: Processing channels status...
2014-02-24 08:44:23,080 - odin_ami - amidispatcher.py - 1535 - DEBUG - Server asterisk_1 :: End of channels status...
2014-02-24 08:44:33,076 - odin_ami - amidispatcher.py - 1462 - INFO - Server asterisk_1 :: Requesting asterisk status...
2014-02-24 08:44:33,079 - odin_ami - amidispatcher.py - 1467 - DEBUG - Server asterisk_1 :: Processing channels status...
2014-02-24 08:44:33,080 - odin_ami - amidispatcher.py - 1535 - DEBUG - Server asterisk_1 :: End of channels status...
2014-02-24 08:44:43,076 - odin_ami - amidispatcher.py - 1462 - INFO - Server asterisk_1 :: Requesting asterisk status...
2014-02-24 08:44:43,079 - odin_ami - amidispatcher.py - 1467 - DEBUG - Server asterisk_1 :: Processing channels status...
2014-02-24 08:44:43,081 - odin_ami - amidispatcher.py - 1535 - DEBUG - Server asterisk_1 :: End of channels status...
2014-02-24 08:44:53,076 - odin_ami - amidispatcher.py - 1462 - INFO - Server asterisk_1 :: Requesting asterisk status...
2014-02-24 08:44:53,079 - odin_ami - amidispatcher.py - 1467 - DEBUG - Server asterisk_1 :: Processing channels status...
2014-02-24 08:44:53,080 - odin_ami - amidispatcher.py - 1535 - DEBUG - Server asterisk_1 :: End of channels status...
2014-02-24 08:45:03,076 - odin_ami - amidispatcher.py - 1462 - INFO - Server asterisk_1 :: Requesting asterisk status...
2014-02-24 08:45:03,080 - odin_ami - amidispatcher.py - 1467 - DEBUG - Server asterisk_1 :: Processing channels status...
2014-02-24 08:45:03,081 - odin_ami - amidispatcher.py - 1535 - DEBUG - Server asterisk_1 :: End of channels status...
2014-02-24 08:45:07,030 - odin_ami - amidispatcher.py - 752 - DEBUG - Server asterisk_1 :: Processing Event PeerStatus...
2014-02-24 08:45:07,031 - odin_ami - amidispatcher.py - 1668 - DEBUG - Server asterisk_1 :: Updating User/Peer SIP/6006 
2014-02-24 08:45:13,076 - odin_ami - amidispatcher.py - 1462 - INFO - Server asterisk_1 :: Requesting asterisk status...
2014-02-24 08:45:13,079 - odin_ami - amidispatcher.py - 1467 - DEBUG - Server asterisk_1 :: Processing channels status...
2014-02-24 08:45:13,080 - odin_ami - amidispatcher.py - 1535 - DEBUG - Server asterisk_1 :: End of channels status...
2014-02-24 08:45:23,076 - odin_ami - amidispatcher.py - 1462 - INFO - Server asterisk_1 :: Requesting asterisk status...
2014-02-24 08:45:23,079 - odin_ami - amidispatcher.py - 1467 - DEBUG - Server asterisk_1 :: Processing channels status...
2014-02-24 08:45:23,080 - odin_ami - amidispatcher.py - 1535 - DEBUG - Server asterisk_1 :: End of channels status...
2014-02-24 08:45:33,076 - odin_ami - amidispatcher.py - 1462 - INFO - Server asterisk_1 :: Requesting asterisk status...
2014-02-24 08:45:33,079 - odin_ami - amidispatcher.py - 1467 - DEBUG - Server asterisk_1 :: Processing channels status...
2014-02-24 08:45:33,080 - odin_ami - amidispatcher.py - 1535 - DEBUG - Server asterisk_1 :: End of channels status...
2014-02-24 08:45:43,076 - odin_ami - amidispatcher.py - 1462 - INFO - Server asterisk_1 :: Requesting asterisk status...
2014-02-24 08:45:43,079 - odin_ami - amidispatcher.py - 1467 - DEBUG - Server asterisk_1 :: Processing channels status...
2014-02-24 08:45:43,080 - odin_ami - amidispatcher.py - 1535 - DEBUG - Server asterisk_1 :: End of channels status...
2014-02-24 08:45:50,555 - odin_ami - amidispatcher.py - 752 - DEBUG - Server asterisk_1 :: Processing Event PeerStatus...
2014-02-24 08:45:50,556 - odin_ami - amidispatcher.py - 1668 - DEBUG - Server asterisk_1 :: Updating User/Peer SIP/6005 
2014-02-24 08:45:53,076 - odin_ami - amidispatcher.py - 1462 - INFO - Server asterisk_1 :: Requesting asterisk status...
2014-02-24 08:45:53,079 - odin_ami - amidispatcher.py - 1467 - DEBUG - Server asterisk_1 :: Processing channels status...
2014-02-24 08:45:53,081 - odin_ami - amidispatcher.py - 1535 - DEBUG - Server asterisk_1 :: End of channels status...
2014-02-24 08:46:03,076 - odin_ami - amidispatcher.py - 1462 - INFO - Server asterisk_1 :: Requesting asterisk status...
2014-02-24 08:46:03,082 - odin_ami - amidispatcher.py - 1467 - DEBUG - Server asterisk_1 :: Processing channels status...
2014-02-24 08:46:03,083 - odin_ami - amidispatcher.py - 1535 - DEBUG - Server asterisk_1 :: End of channels status...
2014-02-24 08:46:13,076 - odin_ami - amidispatcher.py - 1462 - INFO - Server asterisk_1 :: Requesting asterisk status...
2014-02-24 08:46:13,079 - odin_ami - amidispatcher.py - 1467 - DEBUG - Server asterisk_1 :: Processing channels status...
2014-02-24 08:46:13,080 - odin_ami - amidispatcher.py - 1535 - DEBUG - Server asterisk_1 :: End of channels status...
2014-02-24 08:46:23,076 - odin_ami - amidispatcher.py - 1462 - INFO - Server asterisk_1 :: Requesting asterisk status...
2014-02-24 08:46:23,079 - odin_ami - amidispatcher.py - 1467 - DEBUG - Server asterisk_1 :: Processing channels status...
2014-02-24 08:46:23,080 - odin_ami - amidispatcher.py - 1535 - DEBUG - Server asterisk_1 :: End of channels status...
2014-02-24 08:46:33,076 - odin_ami - amidispatcher.py - 1462 - INFO - Server asterisk_1 :: Requesting asterisk status...
2014-02-24 08:46:33,081 - odin_ami - amidispatcher.py - 1467 - DEBUG - Server asterisk_1 :: Processing channels status...
2014-02-24 08:46:33,082 - odin_ami - amidispatcher.py - 1535 - DEBUG - Server asterisk_1 :: End of channels status...
2014-02-24 08:46:43,076 - odin_ami - amidispatcher.py - 1462 - INFO - Server asterisk_1 :: Requesting asterisk status...
2014-02-24 08:46:43,079 - odin_ami - amidispatcher.py - 1467 - DEBUG - Server asterisk_1 :: Processing channels status...
2014-02-24 08:46:43,080 - odin_ami - amidispatcher.py - 1535 - DEBUG - Server asterisk_1 :: End of channels status...
2014-02-24 08:46:52,141 - odin_ami - amidispatcher.py - 752 - DEBUG - Server asterisk_1 :: Processing Event PeerStatus...
2014-02-24 08:46:52,142 - odin_ami - amidispatcher.py - 1668 - DEBUG - Server asterisk_1 :: Updating User/Peer SIP/6006 
2014-02-24 08:46:53,076 - odin_ami - amidispatcher.py - 1462 - INFO - Server asterisk_1 :: Requesting asterisk status...
2014-02-24 08:46:53,079 - odin_ami - amidispatcher.py - 1467 - DEBUG - Server asterisk_1 :: Processing channels status...
2014-02-24 08:46:53,080 - odin_ami - amidispatcher.py - 1535 - DEBUG - Server asterisk_1 :: End of channels status...
2014-02-24 08:47:03,076 - odin_ami - amidispatcher.py - 1462 - INFO - Server asterisk_1 :: Requesting asterisk status...
2014-02-24 08:47:03,079 - odin_ami - amidispatcher.py - 1467 - DEBUG - Server asterisk_1 :: Processing channels status...
2014-02-24 08:47:03,081 - odin_ami - amidispatcher.py - 1535 - DEBUG - Server asterisk_1 :: End of channels status...
2014-02-24 08:47:13,076 - odin_ami - amidispatcher.py - 1462 - INFO - Server asterisk_1 :: Requesting asterisk status...
2014-02-24 08:47:13,081 - odin_ami - amidispatcher.py - 1467 - DEBUG - Server asterisk_1 :: Processing channels status...
2014-02-24 08:47:13,082 - odin_ami - amidispatcher.py - 1535 - DEBUG - Server asterisk_1 :: End of channels status...
2014-02-24 08:47:23,073 - odin_ami - amidispatcher.py - 1462 - INFO - Server asterisk_1 :: Requesting asterisk status...
2014-02-24 08:47:23,077 - odin_ami - amidispatcher.py - 1467 - DEBUG - Server asterisk_1 :: Processing channels status...
2014-02-24 08:47:23,078 - odin_ami - amidispatcher.py - 1535 - DEBUG - Server asterisk_1 :: End of channels status...
2014-02-24 08:47:33,076 - odin_ami - amidispatcher.py - 1462 - INFO - Server asterisk_1 :: Requesting asterisk status...
2014-02-24 08:47:33,079 - odin_ami - amidispatcher.py - 1467 - DEBUG - Server asterisk_1 :: Processing channels status...
2014-02-24 08:47:33,080 - odin_ami - amidispatcher.py - 1535 - DEBUG - Server asterisk_1 :: End of channels status...
2014-02-24 08:47:35,581 - odin_ami - amidispatcher.py - 752 - DEBUG - Server asterisk_1 :: Processing Event PeerStatus...
2014-02-24 08:47:35,582 - odin_ami - amidispatcher.py - 1668 - DEBUG - Server asterisk_1 :: Updating User/Peer SIP/6005 
2014-02-24 08:47:43,076 - odin_ami - amidispatcher.py - 1462 - INFO - Server asterisk_1 :: Requesting asterisk status...
2014-02-24 08:47:43,079 - odin_ami - amidispatcher.py - 1467 - DEBUG - Server asterisk_1 :: Processing channels status...
2014-02-24 08:47:43,080 - odin_ami - amidispatcher.py - 1535 - DEBUG - Server asterisk_1 :: End of channels status...
2014-02-24 08:47:53,076 - odin_ami - amidispatcher.py - 1462 - INFO - Server asterisk_1 :: Requesting asterisk status...
2014-02-24 08:47:53,081 - odin_ami - amidispatcher.py - 1467 - DEBUG - Server asterisk_1 :: Processing channels status...
2014-02-24 08:47:53,082 - odin_ami - amidispatcher.py - 1535 - DEBUG - Server asterisk_1 :: End of channels status...
2014-02-24 08:48:03,073 - odin_ami - amidispatcher.py - 1462 - INFO - Server asterisk_1 :: Requesting asterisk status...
2014-02-24 08:48:03,076 - odin_ami - amidispatcher.py - 1467 - DEBUG - Server asterisk_1 :: Processing channels status...
2014-02-24 08:48:03,078 - odin_ami - amidispatcher.py - 1535 - DEBUG - Server asterisk_1 :: End of channels status...
2014-02-24 08:48:13,076 - odin_ami - amidispatcher.py - 1462 - INFO - Server asterisk_1 :: Requesting asterisk status...
2014-02-24 08:48:13,081 - odin_ami - amidispatcher.py - 1467 - DEBUG - Server asterisk_1 :: Processing channels status...
2014-02-24 08:48:13,082 - odin_ami - amidispatcher.py - 1535 - DEBUG - Server asterisk_1 :: End of channels status...
2014-02-24 08:48:23,076 - odin_ami - amidispatcher.py - 1462 - INFO - Server asterisk_1 :: Requesting asterisk status...
2014-02-24 08:48:23,081 - odin_ami - amidispatcher.py - 1467 - DEBUG - Server asterisk_1 :: Processing channels status...
2014-02-24 08:48:23,082 - odin_ami - amidispatcher.py - 1535 - DEBUG - Server asterisk_1 :: End of channels status...
2014-02-24 08:48:32,182 - odin_ami - amidispatcher.py - 752 - DEBUG - Server asterisk_1 :: Processing Event PeerStatus...
2014-02-24 08:48:32,183 - odin_ami - amidispatcher.py - 1690 - WARNING - Server asterisk_1 :: User/Peer not found: SIP/6011
2014-02-24 08:48:33,078 - odin_ami - amidispatcher.py - 1462 - INFO - Server asterisk_1 :: Requesting asterisk status...
2014-02-24 08:48:33,085 - odin_ami - amidispatcher.py - 1467 - DEBUG - Server asterisk_1 :: Processing channels status...
2014-02-24 08:48:33,089 - odin_ami - amidispatcher.py - 1535 - DEBUG - Server asterisk_1 :: End of channels status...
2014-02-24 08:48:37,252 - odin_ami - amidispatcher.py - 752 - DEBUG - Server asterisk_1 :: Processing Event PeerStatus...
2014-02-24 08:48:37,256 - odin_ami - amidispatcher.py - 1668 - DEBUG - Server asterisk_1 :: Updating User/Peer SIP/6006 
2014-02-24 08:48:43,076 - odin_ami - amidispatcher.py - 1462 - INFO - Server asterisk_1 :: Requesting asterisk status...
2014-02-24 08:48:43,079 - odin_ami - amidispatcher.py - 1467 - DEBUG - Server asterisk_1 :: Processing channels status...
2014-02-24 08:48:43,080 - odin_ami - amidispatcher.py - 1535 - DEBUG - Server asterisk_1 :: End of channels status...
2014-02-24 08:48:53,073 - odin_ami - amidispatcher.py - 1462 - INFO - Server asterisk_1 :: Requesting asterisk status...
2014-02-24 08:48:53,077 - odin_ami - amidispatcher.py - 1467 - DEBUG - Server asterisk_1 :: Processing channels status...
2014-02-24 08:48:53,081 - odin_ami - amidispatcher.py - 1535 - DEBUG - Server asterisk_1 :: End of channels status...
2014-02-24 08:49:03,076 - odin_ami - amidispatcher.py - 1462 - INFO - Server asterisk_1 :: Requesting asterisk status...
2014-02-24 08:49:03,079 - odin_ami - amidispatcher.py - 1467 - DEBUG - Server asterisk_1 :: Processing channels status...
2014-02-24 08:49:03,080 - odin_ami - amidispatcher.py - 1535 - DEBUG - Server asterisk_1 :: End of channels status...
2014-02-24 08:49:13,081 - odin_ami - amidispatcher.py - 1462 - INFO - Server asterisk_1 :: Requesting asterisk status...
2014-02-24 08:49:13,084 - odin_ami - amidispatcher.py - 1467 - DEBUG - Server asterisk_1 :: Processing channels status...
2014-02-24 08:49:13,085 - odin_ami - amidispatcher.py - 1535 - DEBUG - Server asterisk_1 :: End of channels status...
2014-02-24 08:49:20,597 - odin_ami - amidispatcher.py - 752 - DEBUG - Server asterisk_1 :: Processing Event PeerStatus...
2014-02-24 08:49:20,598 - odin_ami - amidispatcher.py - 1668 - DEBUG - Server asterisk_1 :: Updating User/Peer SIP/6005 
2014-02-24 08:49:23,076 - odin_ami - amidispatcher.py - 1462 - INFO - Server asterisk_1 :: Requesting asterisk status...
2014-02-24 08:49:23,081 - odin_ami - amidispatcher.py - 1467 - DEBUG - Server asterisk_1 :: Processing channels status...
2014-02-24 08:49:23,082 - odin_ami - amidispatcher.py - 1535 - DEBUG - Server asterisk_1 :: End of channels status...
2014-02-24 08:49:33,076 - odin_ami - amidispatcher.py - 1462 - INFO - Server asterisk_1 :: Requesting asterisk status...
2014-02-24 08:49:33,079 - odin_ami - amidispatcher.py - 1467 - DEBUG - Server asterisk_1 :: Processing channels status...
2014-02-24 08:49:33,080 - odin_ami - amidispatcher.py - 1535 - DEBUG - Server asterisk_1 :: End of channels status...
2014-02-24 08:49:43,076 - odin_ami - amidispatcher.py - 1462 - INFO - Server asterisk_1 :: Requesting asterisk status...
2014-02-24 08:49:43,079 - odin_ami - amidispatcher.py - 1467 - DEBUG - Server asterisk_1 :: Processing channels status...
2014-02-24 08:49:43,080 - odin_ami - amidispatcher.py - 1535 - DEBUG - Server asterisk_1 :: End of channels status...
2014-02-24 08:49:53,076 - odin_ami - amidispatcher.py - 1462 - INFO - Server asterisk_1 :: Requesting asterisk status...
2014-02-24 08:49:53,079 - odin_ami - amidispatcher.py - 1467 - DEBUG - Server asterisk_1 :: Processing channels status...
2014-02-24 08:49:53,080 - odin_ami - amidispatcher.py - 1535 - DEBUG - Server asterisk_1 :: End of channels status...
2014-02-24 08:50:03,076 - odin_ami - amidispatcher.py - 1462 - INFO - Server asterisk_1 :: Requesting asterisk status...
2014-02-24 08:50:03,079 - odin_ami - amidispatcher.py - 1467 - DEBUG - Server asterisk_1 :: Processing channels status...
2014-02-24 08:50:03,080 - odin_ami - amidispatcher.py - 1535 - DEBUG - Server asterisk_1 :: End of channels status...
2014-02-24 08:50:13,076 - odin_ami - amidispatcher.py - 1462 - INFO - Server asterisk_1 :: Requesting asterisk status...
2014-02-24 08:50:13,134 - odin_ami - amidispatcher.py - 1467 - DEBUG - Server asterisk_1 :: Processing channels status...
2014-02-24 08:50:13,135 - odin_ami - amidispatcher.py - 1535 - DEBUG - Server asterisk_1 :: End of channels status...
2014-02-24 08:50:22,566 - odin_ami - amidispatcher.py - 752 - DEBUG - Server asterisk_1 :: Processing Event PeerStatus...
2014-02-24 08:50:22,567 - odin_ami - amidispatcher.py - 1668 - DEBUG - Server asterisk_1 :: Updating User/Peer SIP/6006 
2014-02-24 08:50:23,171 - odin_ami - amidispatcher.py - 1462 - INFO - Server asterisk_1 :: Requesting asterisk status...
2014-02-24 08:50:23,177 - odin_ami - amidispatcher.py - 1467 - DEBUG - Server asterisk_1 :: Processing channels status...
2014-02-24 08:50:23,179 - odin_ami - amidispatcher.py - 1535 - DEBUG - Server asterisk_1 :: End of channels status...
2014-02-24 08:50:33,076 - odin_ami - amidispatcher.py - 1462 - INFO - Server asterisk_1 :: Requesting asterisk status...
2014-02-24 08:50:33,079 - odin_ami - amidispatcher.py - 1467 - DEBUG - Server asterisk_1 :: Processing channels status...
2014-02-24 08:50:33,081 - odin_ami - amidispatcher.py - 1535 - DEBUG - Server asterisk_1 :: End of channels status...
2014-02-24 08:50:43,076 - odin_ami - amidispatcher.py - 1462 - INFO - Server asterisk_1 :: Requesting asterisk status...
2014-02-24 08:50:43,082 - odin_ami - amidispatcher.py - 1467 - DEBUG - Server asterisk_1 :: Processing channels status...
2014-02-24 08:50:43,083 - odin_ami - amidispatcher.py - 1535 - DEBUG - Server asterisk_1 :: End of channels status...
2014-02-24 08:50:53,076 - odin_ami - amidispatcher.py - 1462 - INFO - Server asterisk_1 :: Requesting asterisk status...
2014-02-24 08:50:53,079 - odin_ami - amidispatcher.py - 1467 - DEBUG - Server asterisk_1 :: Processing channels status...
2014-02-24 08:50:53,080 - odin_ami - amidispatcher.py - 1535 - DEBUG - Server asterisk_1 :: End of channels status...
2014-02-24 08:51:00,646 - odin_ami - amidispatcher.py - 752 - DEBUG - Server asterisk_1 :: Processing Event PeerStatus...
2014-02-24 08:51:00,647 - odin_ami - amidispatcher.py - 1668 - DEBUG - Server asterisk_1 :: Updating User/Peer SIP/6000 
2014-02-24 08:51:03,076 - odin_ami - amidispatcher.py - 1462 - INFO - Server asterisk_1 :: Requesting asterisk status...
2014-02-24 08:51:03,123 - odin_ami - amidispatcher.py - 1467 - DEBUG - Server asterisk_1 :: Processing channels status...
2014-02-24 08:51:03,125 - odin_ami - amidispatcher.py - 1535 - DEBUG - Server asterisk_1 :: End of channels status...
2014-02-24 08:51:05,635 - odin_ami - amidispatcher.py - 752 - DEBUG - Server asterisk_1 :: Processing Event PeerStatus...
2014-02-24 08:51:05,636 - odin_ami - amidispatcher.py - 1668 - DEBUG - Server asterisk_1 :: Updating User/Peer SIP/6005 
2014-02-24 08:51:13,076 - odin_ami - amidispatcher.py - 1462 - INFO - Server asterisk_1 :: Requesting asterisk status...
2014-02-24 08:51:13,079 - odin_ami - amidispatcher.py - 1467 - DEBUG - Server asterisk_1 :: Processing channels status...
2014-02-24 08:51:13,080 - odin_ami - amidispatcher.py - 1535 - DEBUG - Server asterisk_1 :: End of channels status...
2014-02-24 08:51:23,076 - odin_ami - amidispatcher.py - 1462 - INFO - Server asterisk_1 :: Requesting asterisk status...
2014-02-24 08:51:23,079 - odin_ami - amidispatcher.py - 1467 - DEBUG - Server asterisk_1 :: Processing channels status...
2014-02-24 08:51:23,080 - odin_ami - amidispatcher.py - 1535 - DEBUG - Server asterisk_1 :: End of channels status...
2014-02-24 08:51:33,076 - odin_ami - amidispatcher.py - 1462 - INFO - Server asterisk_1 :: Requesting asterisk status...
2014-02-24 08:51:33,079 - odin_ami - amidispatcher.py - 1467 - DEBUG - Server asterisk_1 :: Processing channels status...
2014-02-24 08:51:33,080 - odin_ami - amidispatcher.py - 1535 - DEBUG - Server asterisk_1 :: End of channels status...
2014-02-24 08:51:43,076 - odin_ami - amidispatcher.py - 1462 - INFO - Server asterisk_1 :: Requesting asterisk status...
2014-02-24 08:51:43,079 - odin_ami - amidispatcher.py - 1467 - DEBUG - Server asterisk_1 :: Processing channels status...
2014-02-24 08:51:43,080 - odin_ami - amidispatcher.py - 1535 - DEBUG - Server asterisk_1 :: End of channels status...
2014-02-24 08:51:53,076 - odin_ami - amidispatcher.py - 1462 - INFO - Server asterisk_1 :: Requesting asterisk status...
2014-02-24 08:51:53,082 - odin_ami - amidispatcher.py - 1467 - DEBUG - Server asterisk_1 :: Processing channels status...
2014-02-24 08:51:53,083 - odin_ami - amidispatcher.py - 1535 - DEBUG - Server asterisk_1 :: End of channels status...
2014-02-24 08:52:03,076 - odin_ami - amidispatcher.py - 1462 - INFO - Server asterisk_1 :: Requesting asterisk status...
2014-02-24 08:52:03,079 - odin_ami - amidispatcher.py - 1467 - DEBUG - Server asterisk_1 :: Processing channels status...
2014-02-24 08:52:03,080 - odin_ami - amidispatcher.py - 1535 - DEBUG - Server asterisk_1 :: End of channels status...
2014-02-24 08:52:07,670 - odin_ami - amidispatcher.py - 752 - DEBUG - Server asterisk_1 :: Processing Event PeerStatus...
2014-02-24 08:52:07,671 - odin_ami - amidispatcher.py - 1668 - DEBUG - Server asterisk_1 :: Updating User/Peer SIP/6006 
2014-02-24 08:52:13,076 - odin_ami - amidispatcher.py - 1462 - INFO - Server asterisk_1 :: Requesting asterisk status...
2014-02-24 08:52:13,079 - odin_ami - amidispatcher.py - 1467 - DEBUG - Server asterisk_1 :: Processing channels status...
2014-02-24 08:52:13,080 - odin_ami - amidispatcher.py - 1535 - DEBUG - Server asterisk_1 :: End of channels status...
2014-02-24 08:52:23,076 - odin_ami - amidispatcher.py - 1462 - INFO - Server asterisk_1 :: Requesting asterisk status...
2014-02-24 08:52:23,079 - odin_ami - amidispatcher.py - 1467 - DEBUG - Server asterisk_1 :: Processing channels status...
2014-02-24 08:52:23,080 - odin_ami - amidispatcher.py - 1535 - DEBUG - Server asterisk_1 :: End of channels status...
2014-02-24 08:52:33,076 - odin_ami - amidispatcher.py - 1462 - INFO - Server asterisk_1 :: Requesting asterisk status...
2014-02-24 08:52:33,080 - odin_ami - amidispatcher.py - 1467 - DEBUG - Server asterisk_1 :: Processing channels status...
2014-02-24 08:52:33,081 - odin_ami - amidispatcher.py - 1535 - DEBUG - Server asterisk_1 :: End of channels status...
2014-02-24 08:52:43,076 - odin_ami - amidispatcher.py - 1462 - INFO - Server asterisk_1 :: Requesting asterisk status...
2014-02-24 08:52:43,081 - odin_ami - amidispatcher.py - 1467 - DEBUG - Server asterisk_1 :: Processing channels status...
2014-02-24 08:52:43,087 - odin_ami - amidispatcher.py - 1535 - DEBUG - Server asterisk_1 :: End of channels status...
2014-02-24 08:52:50,651 - odin_ami - amidispatcher.py - 752 - DEBUG - Server asterisk_1 :: Processing Event PeerStatus...
2014-02-24 08:52:50,652 - odin_ami - amidispatcher.py - 1668 - DEBUG - Server asterisk_1 :: Updating User/Peer SIP/6005 
2014-02-24 08:52:53,076 - odin_ami - amidispatcher.py - 1462 - INFO - Server asterisk_1 :: Requesting asterisk status...
2014-02-24 08:52:53,079 - odin_ami - amidispatcher.py - 1467 - DEBUG - Server asterisk_1 :: Processing channels status...
2014-02-24 08:52:53,082 - odin_ami - amidispatcher.py - 1535 - DEBUG - Server asterisk_1 :: End of channels status...
2014-02-24 08:53:03,076 - odin_ami - amidispatcher.py - 1462 - INFO - Server asterisk_1 :: Requesting asterisk status...
2014-02-24 08:53:03,081 - odin_ami - amidispatcher.py - 1467 - DEBUG - Server asterisk_1 :: Processing channels status...
2014-02-24 08:53:03,082 - odin_ami - amidispatcher.py - 1535 - DEBUG - Server asterisk_1 :: End of channels status...
2014-02-24 08:53:13,076 - odin_ami - amidispatcher.py - 1462 - INFO - Server asterisk_1 :: Requesting asterisk status...
2014-02-24 08:53:13,079 - odin_ami - amidispatcher.py - 1467 - DEBUG - Server asterisk_1 :: Processing channels status...
2014-02-24 08:53:13,081 - odin_ami - amidispatcher.py - 1535 - DEBUG - Server asterisk_1 :: End of channels status...
2014-02-24 08:53:23,076 - odin_ami - amidispatcher.py - 1462 - INFO - Server asterisk_1 :: Requesting asterisk status...
2014-02-24 08:53:23,079 - odin_ami - amidispatcher.py - 1467 - DEBUG - Server asterisk_1 :: Processing channels status...
2014-02-24 08:53:23,080 - odin_ami - amidispatcher.py - 1535 - DEBUG - Server asterisk_1 :: End of channels status...
2014-02-24 08:53:33,076 - odin_ami - amidispatcher.py - 1462 - INFO - Server asterisk_1 :: Requesting asterisk status...
2014-02-24 08:53:33,079 - odin_ami - amidispatcher.py - 1467 - DEBUG - Server asterisk_1 :: Processing channels status...
2014-02-24 08:53:33,080 - odin_ami - amidispatcher.py - 1535 - DEBUG - Server asterisk_1 :: End of channels status...
2014-02-24 08:53:43,076 - odin_ami - amidispatcher.py - 1462 - INFO - Server asterisk_1 :: Requesting asterisk status...
2014-02-24 08:53:43,080 - odin_ami - amidispatcher.py - 1467 - DEBUG - Server asterisk_1 :: Processing channels status...
2014-02-24 08:53:43,081 - odin_ami - amidispatcher.py - 1535 - DEBUG - Server asterisk_1 :: End of channels status...
2014-02-24 08:53:52,774 - odin_ami - amidispatcher.py - 752 - DEBUG - Server asterisk_1 :: Processing Event PeerStatus...
2014-02-24 08:53:52,775 - odin_ami - amidispatcher.py - 1668 - DEBUG - Server asterisk_1 :: Updating User/Peer SIP/6006 
2014-02-24 08:53:53,076 - odin_ami - amidispatcher.py - 1462 - INFO - Server asterisk_1 :: Requesting asterisk status...
2014-02-24 08:53:53,079 - odin_ami - amidispatcher.py - 1467 - DEBUG - Server asterisk_1 :: Processing channels status...
2014-02-24 08:53:53,080 - odin_ami - amidispatcher.py - 1535 - DEBUG - Server asterisk_1 :: End of channels status...
2014-02-24 08:54:03,076 - odin_ami - amidispatcher.py - 1462 - INFO - Server asterisk_1 :: Requesting asterisk status...
2014-02-24 08:54:03,079 - odin_ami - amidispatcher.py - 1467 - DEBUG - Server asterisk_1 :: Processing channels status...
2014-02-24 08:54:03,080 - odin_ami - amidispatcher.py - 1535 - DEBUG - Server asterisk_1 :: End of channels status...
2014-02-24 08:54:13,076 - odin_ami - amidispatcher.py - 1462 - INFO - Server asterisk_1 :: Requesting asterisk status...
2014-02-24 08:54:13,079 - odin_ami - amidispatcher.py - 1467 - DEBUG - Server asterisk_1 :: Processing channels status...
2014-02-24 08:54:13,080 - odin_ami - amidispatcher.py - 1535 - DEBUG - Server asterisk_1 :: End of channels status...
2014-02-24 08:54:23,076 - odin_ami - amidispatcher.py - 1462 - INFO - Server asterisk_1 :: Requesting asterisk status...
2014-02-24 08:54:23,079 - odin_ami - amidispatcher.py - 1467 - DEBUG - Server asterisk_1 :: Processing channels status...
2014-02-24 08:54:23,080 - odin_ami - amidispatcher.py - 1535 - DEBUG - Server asterisk_1 :: End of channels status...
2014-02-24 08:54:33,076 - odin_ami - amidispatcher.py - 1462 - INFO - Server asterisk_1 :: Requesting asterisk status...
2014-02-24 08:54:33,081 - odin_ami - amidispatcher.py - 1467 - DEBUG - Server asterisk_1 :: Processing channels status...
2014-02-24 08:54:33,084 - odin_ami - amidispatcher.py - 1535 - DEBUG - Server asterisk_1 :: End of channels status...
2014-02-24 08:54:35,674 - odin_ami - amidispatcher.py - 752 - DEBUG - Server asterisk_1 :: Processing Event PeerStatus...
2014-02-24 08:54:35,675 - odin_ami - amidispatcher.py - 1668 - DEBUG - Server asterisk_1 :: Updating User/Peer SIP/6005 
2014-02-24 08:54:43,076 - odin_ami - amidispatcher.py - 1462 - INFO - Server asterisk_1 :: Requesting asterisk status...
2014-02-24 08:54:43,079 - odin_ami - amidispatcher.py - 1467 - DEBUG - Server asterisk_1 :: Processing channels status...
2014-02-24 08:54:43,080 - odin_ami - amidispatcher.py - 1535 - DEBUG - Server asterisk_1 :: End of channels status...
2014-02-24 08:54:53,076 - odin_ami - amidispatcher.py - 1462 - INFO - Server asterisk_1 :: Requesting asterisk status...
2014-02-24 08:54:53,079 - odin_ami - amidispatcher.py - 1467 - DEBUG - Server asterisk_1 :: Processing channels status...
2014-02-24 08:54:53,080 - odin_ami - amidispatcher.py - 1535 - DEBUG - Server asterisk_1 :: End of channels status...
2014-02-24 08:55:03,076 - odin_ami - amidispatcher.py - 1462 - INFO - Server asterisk_1 :: Requesting asterisk status...
2014-02-24 08:55:03,079 - odin_ami - amidispatcher.py - 1467 - DEBUG - Server asterisk_1 :: Processing channels status...
2014-02-24 08:55:03,080 - odin_ami - amidispatcher.py - 1535 - DEBUG - Server asterisk_1 :: End of channels status...
2014-02-24 08:55:13,076 - odin_ami - amidispatcher.py - 1462 - INFO - Server asterisk_1 :: Requesting asterisk status...
2014-02-24 08:55:13,080 - odin_ami - amidispatcher.py - 1467 - DEBUG - Server asterisk_1 :: Processing channels status...
2014-02-24 08:55:13,081 - odin_ami - amidispatcher.py - 1535 - DEBUG - Server asterisk_1 :: End of channels status...
2014-02-24 08:55:23,076 - odin_ami - amidispatcher.py - 1462 - INFO - Server asterisk_1 :: Requesting asterisk status...
2014-02-24 08:55:23,081 - odin_ami - amidispatcher.py - 1467 - DEBUG - Server asterisk_1 :: Processing channels status...
2014-02-24 08:55:23,082 - odin_ami - amidispatcher.py - 1535 - DEBUG - Server asterisk_1 :: End of channels status...
2014-02-24 08:55:33,076 - odin_ami - amidispatcher.py - 1462 - INFO - Server asterisk_1 :: Requesting asterisk status...
2014-02-24 08:55:33,081 - odin_ami - amidispatcher.py - 1467 - DEBUG - Server asterisk_1 :: Processing channels status...
2014-02-24 08:55:33,082 - odin_ami - amidispatcher.py - 1535 - DEBUG - Server asterisk_1 :: End of channels status...
2014-02-24 08:55:37,888 - odin_ami - amidispatcher.py - 752 - DEBUG - Server asterisk_1 :: Processing Event PeerStatus...
2014-02-24 08:55:37,889 - odin_ami - amidispatcher.py - 1668 - DEBUG - Server asterisk_1 :: Updating User/Peer SIP/6006 
2014-02-24 08:55:43,076 - odin_ami - amidispatcher.py - 1462 - INFO - Server asterisk_1 :: Requesting asterisk status...
2014-02-24 08:55:43,079 - odin_ami - amidispatcher.py - 1467 - DEBUG - Server asterisk_1 :: Processing channels status...
2014-02-24 08:55:43,080 - odin_ami - amidispatcher.py - 1535 - DEBUG - Server asterisk_1 :: End of channels status...
2014-02-24 08:55:53,076 - odin_ami - amidispatcher.py - 1462 - INFO - Server asterisk_1 :: Requesting asterisk status...
2014-02-24 08:55:53,079 - odin_ami - amidispatcher.py - 1467 - DEBUG - Server asterisk_1 :: Processing channels status...
2014-02-24 08:55:53,084 - odin_ami - amidispatcher.py - 1535 - DEBUG - Server asterisk_1 :: End of channels status...
2014-02-24 08:56:03,076 - odin_ami - amidispatcher.py - 1462 - INFO - Server asterisk_1 :: Requesting asterisk status...
2014-02-24 08:56:03,079 - odin_ami - amidispatcher.py - 1467 - DEBUG - Server asterisk_1 :: Processing channels status...
2014-02-24 08:56:03,080 - odin_ami - amidispatcher.py - 1535 - DEBUG - Server asterisk_1 :: End of channels status...
2014-02-24 08:56:13,076 - odin_ami - amidispatcher.py - 1462 - INFO - Server asterisk_1 :: Requesting asterisk status...
2014-02-24 08:56:13,081 - odin_ami - amidispatcher.py - 1467 - DEBUG - Server asterisk_1 :: Processing channels status...
2014-02-24 08:56:13,082 - odin_ami - amidispatcher.py - 1535 - DEBUG - Server asterisk_1 :: End of channels status...
2014-02-24 08:56:20,705 - odin_ami - amidispatcher.py - 752 - DEBUG - Server asterisk_1 :: Processing Event PeerStatus...
2014-02-24 08:56:20,708 - odin_ami - amidispatcher.py - 1668 - DEBUG - Server asterisk_1 :: Updating User/Peer SIP/6005 
2014-02-24 08:56:23,076 - odin_ami - amidispatcher.py - 1462 - INFO - Server asterisk_1 :: Requesting asterisk status...
2014-02-24 08:56:23,079 - odin_ami - amidispatcher.py - 1467 - DEBUG - Server asterisk_1 :: Processing channels status...
2014-02-24 08:56:23,080 - odin_ami - amidispatcher.py - 1535 - DEBUG - Server asterisk_1 :: End of channels status...
2014-02-24 08:56:33,076 - odin_ami - amidispatcher.py - 1462 - INFO - Server asterisk_1 :: Requesting asterisk status...
2014-02-24 08:56:33,079 - odin_ami - amidispatcher.py - 1467 - DEBUG - Server asterisk_1 :: Processing channels status...
2014-02-24 08:56:33,080 - odin_ami - amidispatcher.py - 1535 - DEBUG - Server asterisk_1 :: End of channels status...
2014-02-24 08:56:43,076 - odin_ami - amidispatcher.py - 1462 - INFO - Server asterisk_1 :: Requesting asterisk status...
2014-02-24 08:56:43,079 - odin_ami - amidispatcher.py - 1467 - DEBUG - Server asterisk_1 :: Processing channels status...
2014-02-24 08:56:43,080 - odin_ami - amidispatcher.py - 1535 - DEBUG - Server asterisk_1 :: End of channels status...
2014-02-24 08:56:53,076 - odin_ami - amidispatcher.py - 1462 - INFO - Server asterisk_1 :: Requesting asterisk status...
2014-02-24 08:56:53,079 - odin_ami - amidispatcher.py - 1467 - DEBUG - Server asterisk_1 :: Processing channels status...
2014-02-24 08:56:53,080 - odin_ami - amidispatcher.py - 1535 - DEBUG - Server asterisk_1 :: End of channels status...
2014-02-24 08:57:03,076 - odin_ami - amidispatcher.py - 1462 - INFO - Server asterisk_1 :: Requesting asterisk status...
2014-02-24 08:57:03,079 - odin_ami - amidispatcher.py - 1467 - DEBUG - Server asterisk_1 :: Processing channels status...
2014-02-24 08:57:03,080 - odin_ami - amidispatcher.py - 1535 - DEBUG - Server asterisk_1 :: End of channels status...
2014-02-24 08:57:13,076 - odin_ami - amidispatcher.py - 1462 - INFO - Server asterisk_1 :: Requesting asterisk status...
2014-02-24 08:57:13,079 - odin_ami - amidispatcher.py - 1467 - DEBUG - Server asterisk_1 :: Processing channels status...
2014-02-24 08:57:13,080 - odin_ami - amidispatcher.py - 1535 - DEBUG - Server asterisk_1 :: End of channels status...
2014-02-24 08:57:23,003 - odin_ami - amidispatcher.py - 752 - DEBUG - Server asterisk_1 :: Processing Event PeerStatus...
2014-02-24 08:57:23,004 - odin_ami - amidispatcher.py - 1668 - DEBUG - Server asterisk_1 :: Updating User/Peer SIP/6006 
2014-02-24 08:57:23,076 - odin_ami - amidispatcher.py - 1462 - INFO - Server asterisk_1 :: Requesting asterisk status...
2014-02-24 08:57:23,083 - odin_ami - amidispatcher.py - 1467 - DEBUG - Server asterisk_1 :: Processing channels status...
2014-02-24 08:57:23,086 - odin_ami - amidispatcher.py - 1535 - DEBUG - Server asterisk_1 :: End of channels status...
2014-02-24 08:57:33,076 - odin_ami - amidispatcher.py - 1462 - INFO - Server asterisk_1 :: Requesting asterisk status...
2014-02-24 08:57:33,079 - odin_ami - amidispatcher.py - 1467 - DEBUG - Server asterisk_1 :: Processing channels status...
2014-02-24 08:57:33,080 - odin_ami - amidispatcher.py - 1535 - DEBUG - Server asterisk_1 :: End of channels status...
2014-02-24 08:57:43,076 - odin_ami - amidispatcher.py - 1462 - INFO - Server asterisk_1 :: Requesting asterisk status...
2014-02-24 08:57:43,079 - odin_ami - amidispatcher.py - 1467 - DEBUG - Server asterisk_1 :: Processing channels status...
2014-02-24 08:57:43,080 - odin_ami - amidispatcher.py - 1535 - DEBUG - Server asterisk_1 :: End of channels status...
2014-02-24 08:57:53,076 - odin_ami - amidispatcher.py - 1462 - INFO - Server asterisk_1 :: Requesting asterisk status...
2014-02-24 08:57:53,079 - odin_ami - amidispatcher.py - 1467 - DEBUG - Server asterisk_1 :: Processing channels status...
2014-02-24 08:57:53,082 - odin_ami - amidispatcher.py - 1535 - DEBUG - Server asterisk_1 :: End of channels status...
2014-02-24 08:58:03,076 - odin_ami - amidispatcher.py - 1462 - INFO - Server asterisk_1 :: Requesting asterisk status...
2014-02-24 08:58:03,079 - odin_ami - amidispatcher.py - 1467 - DEBUG - Server asterisk_1 :: Processing channels status...
2014-02-24 08:58:03,081 - odin_ami - amidispatcher.py - 1535 - DEBUG - Server asterisk_1 :: End of channels status...
2014-02-24 08:58:05,727 - odin_ami - amidispatcher.py - 752 - DEBUG - Server asterisk_1 :: Processing Event PeerStatus...
2014-02-24 08:58:05,727 - odin_ami - amidispatcher.py - 1668 - DEBUG - Server asterisk_1 :: Updating User/Peer SIP/6005 
2014-02-24 08:58:13,076 - odin_ami - amidispatcher.py - 1462 - INFO - Server asterisk_1 :: Requesting asterisk status...
2014-02-24 08:58:13,079 - odin_ami - amidispatcher.py - 1467 - DEBUG - Server asterisk_1 :: Processing channels status...
2014-02-24 08:58:13,080 - odin_ami - amidispatcher.py - 1535 - DEBUG - Server asterisk_1 :: End of channels status...
2014-02-24 08:58:23,076 - odin_ami - amidispatcher.py - 1462 - INFO - Server asterisk_1 :: Requesting asterisk status...
2014-02-24 08:58:23,080 - odin_ami - amidispatcher.py - 1467 - DEBUG - Server asterisk_1 :: Processing channels status...
2014-02-24 08:58:23,082 - odin_ami - amidispatcher.py - 1535 - DEBUG - Server asterisk_1 :: End of channels status...
2014-02-24 08:58:26,182 - odin_ami - amidispatcher.py - 752 - DEBUG - Server asterisk_1 :: Processing Event PeerStatus...
2014-02-24 08:58:26,183 - odin_ami - amidispatcher.py - 1690 - WARNING - Server asterisk_1 :: User/Peer not found: SIP/6011
2014-02-24 08:58:33,076 - odin_ami - amidispatcher.py - 1462 - INFO - Server asterisk_1 :: Requesting asterisk status...
2014-02-24 08:58:33,081 - odin_ami - amidispatcher.py - 1467 - DEBUG - Server asterisk_1 :: Processing channels status...
2014-02-24 08:58:33,081 - odin_ami - amidispatcher.py - 1535 - DEBUG - Server asterisk_1 :: End of channels status...
2014-02-24 08:58:43,076 - odin_ami - amidispatcher.py - 1462 - INFO - Server asterisk_1 :: Requesting asterisk status...
2014-02-24 08:58:43,079 - odin_ami - amidispatcher.py - 1467 - DEBUG - Server asterisk_1 :: Processing channels status...
2014-02-24 08:58:43,084 - odin_ami - amidispatcher.py - 1535 - DEBUG - Server asterisk_1 :: End of channels status...
2014-02-24 08:58:53,076 - odin_ami - amidispatcher.py - 1462 - INFO - Server asterisk_1 :: Requesting asterisk status...
2014-02-24 08:58:53,079 - odin_ami - amidispatcher.py - 1467 - DEBUG - Server asterisk_1 :: Processing channels status...
2014-02-24 08:58:53,080 - odin_ami - amidispatcher.py - 1535 - DEBUG - Server asterisk_1 :: End of channels status...
2014-02-24 08:59:03,076 - odin_ami - amidispatcher.py - 1462 - INFO - Server asterisk_1 :: Requesting asterisk status...
2014-02-24 08:59:03,079 - odin_ami - amidispatcher.py - 1467 - DEBUG - Server asterisk_1 :: Processing channels status...
2014-02-24 08:59:03,080 - odin_ami - amidispatcher.py - 1535 - DEBUG - Server asterisk_1 :: End of channels status...
2014-02-24 08:59:08,116 - odin_ami - amidispatcher.py - 752 - DEBUG - Server asterisk_1 :: Processing Event PeerStatus...
2014-02-24 08:59:08,117 - odin_ami - amidispatcher.py - 1668 - DEBUG - Server asterisk_1 :: Updating User/Peer SIP/6006 
2014-02-24 08:59:13,076 - odin_ami - amidispatcher.py - 1462 - INFO - Server asterisk_1 :: Requesting asterisk status...
2014-02-24 08:59:13,079 - odin_ami - amidispatcher.py - 1467 - DEBUG - Server asterisk_1 :: Processing channels status...
2014-02-24 08:59:13,080 - odin_ami - amidispatcher.py - 1535 - DEBUG - Server asterisk_1 :: End of channels status...
2014-02-24 08:59:23,076 - odin_ami - amidispatcher.py - 1462 - INFO - Server asterisk_1 :: Requesting asterisk status...
2014-02-24 08:59:23,079 - odin_ami - amidispatcher.py - 1467 - DEBUG - Server asterisk_1 :: Processing channels status...
2014-02-24 08:59:23,080 - odin_ami - amidispatcher.py - 1535 - DEBUG - Server asterisk_1 :: End of channels status...
2014-02-24 08:59:33,076 - odin_ami - amidispatcher.py - 1462 - INFO - Server asterisk_1 :: Requesting asterisk status...
2014-02-24 08:59:33,079 - odin_ami - amidispatcher.py - 1467 - DEBUG - Server asterisk_1 :: Processing channels status...
2014-02-24 08:59:33,080 - odin_ami - amidispatcher.py - 1535 - DEBUG - Server asterisk_1 :: End of channels status...
2014-02-24 08:59:43,076 - odin_ami - amidispatcher.py - 1462 - INFO - Server asterisk_1 :: Requesting asterisk status...
2014-02-24 08:59:43,079 - odin_ami - amidispatcher.py - 1467 - DEBUG - Server asterisk_1 :: Processing channels status...
2014-02-24 08:59:43,080 - odin_ami - amidispatcher.py - 1535 - DEBUG - Server asterisk_1 :: End of channels status...
2014-02-24 08:59:50,752 - odin_ami - amidispatcher.py - 752 - DEBUG - Server asterisk_1 :: Processing Event PeerStatus...
2014-02-24 08:59:50,753 - odin_ami - amidispatcher.py - 1668 - DEBUG - Server asterisk_1 :: Updating User/Peer SIP/6005 
2014-02-24 08:59:53,076 - odin_ami - amidispatcher.py - 1462 - INFO - Server asterisk_1 :: Requesting asterisk status...
2014-02-24 08:59:53,081 - odin_ami - amidispatcher.py - 1467 - DEBUG - Server asterisk_1 :: Processing channels status...
2014-02-24 08:59:53,082 - odin_ami - amidispatcher.py - 1535 - DEBUG - Server asterisk_1 :: End of channels status...
2014-02-24 09:00:03,076 - odin_ami - amidispatcher.py - 1462 - INFO - Server asterisk_1 :: Requesting asterisk status...
2014-02-24 09:00:03,081 - odin_ami - amidispatcher.py - 1467 - DEBUG - Server asterisk_1 :: Processing channels status...
2014-02-24 09:00:03,082 - odin_ami - amidispatcher.py - 1535 - DEBUG - Server asterisk_1 :: End of channels status...
2014-02-24 09:00:13,076 - odin_ami - amidispatcher.py - 1462 - INFO - Server asterisk_1 :: Requesting asterisk status...
2014-02-24 09:00:13,079 - odin_ami - amidispatcher.py - 1467 - DEBUG - Server asterisk_1 :: Processing channels status...
2014-02-24 09:00:13,083 - odin_ami - amidispatcher.py - 1535 - DEBUG - Server asterisk_1 :: End of channels status...
2014-02-24 09:00:23,076 - odin_ami - amidispatcher.py - 1462 - INFO - Server asterisk_1 :: Requesting asterisk status...
2014-02-24 09:00:23,081 - odin_ami - amidispatcher.py - 1467 - DEBUG - Server asterisk_1 :: Processing channels status...
2014-02-24 09:00:23,081 - odin_ami - amidispatcher.py - 1535 - DEBUG - Server asterisk_1 :: End of channels status...
2014-02-24 09:00:33,076 - odin_ami - amidispatcher.py - 1462 - INFO - Server asterisk_1 :: Requesting asterisk status...
2014-02-24 09:00:33,080 - odin_ami - amidispatcher.py - 1467 - DEBUG - Server asterisk_1 :: Processing channels status...
2014-02-24 09:00:33,081 - odin_ami - amidispatcher.py - 1535 - DEBUG - Server asterisk_1 :: End of channels status...
2014-02-24 09:00:43,076 - odin_ami - amidispatcher.py - 1462 - INFO - Server asterisk_1 :: Requesting asterisk status...
2014-02-24 09:00:43,079 - odin_ami - amidispatcher.py - 1467 - DEBUG - Server asterisk_1 :: Processing channels status...
2014-02-24 09:00:43,080 - odin_ami - amidispatcher.py - 1535 - DEBUG - Server asterisk_1 :: End of channels status...
2014-02-24 09:00:53,076 - odin_ami - amidispatcher.py - 1462 - INFO - Server asterisk_1 :: Requesting asterisk status...
2014-02-24 09:00:53,083 - odin_ami - amidispatcher.py - 1467 - DEBUG - Server asterisk_1 :: Processing channels status...
2014-02-24 09:00:53,084 - odin_ami - amidispatcher.py - 1535 - DEBUG - Server asterisk_1 :: End of channels status...
2014-02-24 09:00:53,236 - odin_ami - amidispatcher.py - 752 - DEBUG - Server asterisk_1 :: Processing Event PeerStatus...
2014-02-24 09:00:53,237 - odin_ami - amidispatcher.py - 1668 - DEBUG - Server asterisk_1 :: Updating User/Peer SIP/6006 
2014-02-24 09:01:03,076 - odin_ami - amidispatcher.py - 1462 - INFO - Server asterisk_1 :: Requesting asterisk status...
2014-02-24 09:01:03,079 - odin_ami - amidispatcher.py - 1467 - DEBUG - Server asterisk_1 :: Processing channels status...
2014-02-24 09:01:03,080 - odin_ami - amidispatcher.py - 1535 - DEBUG - Server asterisk_1 :: End of channels status...
2014-02-24 09:01:13,076 - odin_ami - amidispatcher.py - 1462 - INFO - Server asterisk_1 :: Requesting asterisk status...
2014-02-24 09:01:13,079 - odin_ami - amidispatcher.py - 1467 - DEBUG - Server asterisk_1 :: Processing channels status...
2014-02-24 09:01:13,080 - odin_ami - amidispatcher.py - 1535 - DEBUG - Server asterisk_1 :: End of channels status...
2014-02-24 09:01:23,076 - odin_ami - amidispatcher.py - 1462 - INFO - Server asterisk_1 :: Requesting asterisk status...
2014-02-24 09:01:23,079 - odin_ami - amidispatcher.py - 1467 - DEBUG - Server asterisk_1 :: Processing channels status...
2014-02-24 09:01:23,080 - odin_ami - amidispatcher.py - 1535 - DEBUG - Server asterisk_1 :: End of channels status...
